{"D:\\software_enginneer\\year_3\\semester_1\\software testing\\FloginFE_BE\\frontend\\src\\App.jsx": {"path":"D:\\software_enginneer\\year_3\\semester_1\\software testing\\FloginFE_BE\\frontend\\src\\App.jsx","statementMap":{"0":{"start":{"line":18,"column":2},"end":{"line":24,"column":3}}},"fnMap":{"0":{"name":"App","decl":{"start":{"line":6,"column":9},"end":{"line":6,"column":12}},"loc":{"start":{"line":6,"column":15},"end":{"line":25,"column":1}},"line":6}},"branchMap":{},"s":{"0":0},"f":{"0":0},"b":{}}
,"D:\\software_enginneer\\year_3\\semester_1\\software testing\\FloginFE_BE\\frontend\\src\\components\\AddProductPopup\\AddProductPopup.jsx": {"path":"D:\\software_enginneer\\year_3\\semester_1\\software testing\\FloginFE_BE\\frontend\\src\\components\\AddProductPopup\\AddProductPopup.jsx","statementMap":{"0":{"start":{"line":14,"column":21},"end":{"line":58,"column":1}},"1":{"start":{"line":15,"column":26},"end":{"line":15,"column":41}},"2":{"start":{"line":17,"column":23},"end":{"line":20,"column":3}},"3":{"start":{"line":18,"column":4},"end":{"line":18,"column":21}},"4":{"start":{"line":19,"column":4},"end":{"line":19,"column":19}},"5":{"start":{"line":22,"column":2},"end":{"line":57,"column":4}},"6":{"start":{"line":28,"column":21},"end":{"line":28,"column":48}},"7":{"start":{"line":46,"column":12},"end":{"line":52,"column":17}},"8":{"start":{"line":49,"column":29},"end":{"line":49,"column":46}},"9":{"start":{"line":60,"column":24},"end":{"line":342,"column":1}},"10":{"start":{"line":67,"column":34},"end":{"line":73,"column":4}},"11":{"start":{"line":75,"column":30},"end":{"line":75,"column":42}},"12":{"start":{"line":76,"column":38},"end":{"line":76,"column":50}},"13":{"start":{"line":78,"column":2},"end":{"line":88,"column":15}},"14":{"start":{"line":79,"column":28},"end":{"line":86,"column":5}},"15":{"start":{"line":80,"column":6},"end":{"line":85,"column":7}},"16":{"start":{"line":81,"column":21},"end":{"line":81,"column":57}},"17":{"start":{"line":82,"column":8},"end":{"line":82,"column":28}},"18":{"start":{"line":84,"column":8},"end":{"line":84,"column":59}},"19":{"start":{"line":87,"column":4},"end":{"line":87,"column":22}},"20":{"start":{"line":90,"column":2},"end":{"line":111,"column":34}},"21":{"start":{"line":91,"column":4},"end":{"line":110,"column":5}},"22":{"start":{"line":92,"column":6},"end":{"line":108,"column":7}},"23":{"start":{"line":93,"column":8},"end":{"line":99,"column":11}},"24":{"start":{"line":101,"column":8},"end":{"line":107,"column":11}},"25":{"start":{"line":109,"column":6},"end":{"line":109,"column":20}},"26":{"start":{"line":113,"column":23},"end":{"line":127,"column":3}},"27":{"start":{"line":114,"column":34},"end":{"line":114,"column":42}},"28":{"start":{"line":116,"column":4},"end":{"line":119,"column":8}},"29":{"start":{"line":116,"column":27},"end":{"line":119,"column":5}},"30":{"start":{"line":121,"column":4},"end":{"line":126,"column":5}},"31":{"start":{"line":122,"column":6},"end":{"line":125,"column":10}},"32":{"start":{"line":122,"column":27},"end":{"line":125,"column":7}},"33":{"start":{"line":129,"column":23},"end":{"line":149,"column":3}},"34":{"start":{"line":130,"column":22},"end":{"line":130,"column":24}},"35":{"start":{"line":132,"column":20},"end":{"line":132,"column":54}},"36":{"start":{"line":133,"column":21},"end":{"line":133,"column":50}},"37":{"start":{"line":134,"column":24},"end":{"line":134,"column":59}},"38":{"start":{"line":135,"column":20},"end":{"line":135,"column":61}},"39":{"start":{"line":136,"column":24},"end":{"line":139,"column":5}},"40":{"start":{"line":138,"column":28},"end":{"line":138,"column":34}},"41":{"start":{"line":141,"column":4},"end":{"line":141,"column":42}},"42":{"start":{"line":141,"column":17},"end":{"line":141,"column":42}},"43":{"start":{"line":142,"column":4},"end":{"line":142,"column":45}},"44":{"start":{"line":142,"column":18},"end":{"line":142,"column":45}},"45":{"start":{"line":143,"column":4},"end":{"line":143,"column":54}},"46":{"start":{"line":143,"column":21},"end":{"line":143,"column":54}},"47":{"start":{"line":144,"column":4},"end":{"line":144,"column":49}},"48":{"start":{"line":144,"column":17},"end":{"line":144,"column":49}},"49":{"start":{"line":145,"column":4},"end":{"line":145,"column":58}},"50":{"start":{"line":145,"column":21},"end":{"line":145,"column":58}},"51":{"start":{"line":147,"column":4},"end":{"line":147,"column":25}},"52":{"start":{"line":148,"column":4},"end":{"line":148,"column":47}},"53":{"start":{"line":151,"column":23},"end":{"line":168,"column":3}},"54":{"start":{"line":152,"column":4},"end":{"line":152,"column":23}},"55":{"start":{"line":153,"column":4},"end":{"line":167,"column":5}},"56":{"start":{"line":154,"column":28},"end":{"line":160,"column":7}},"57":{"start":{"line":161,"column":6},"end":{"line":165,"column":7}},"58":{"start":{"line":162,"column":8},"end":{"line":162,"column":48}},"59":{"start":{"line":164,"column":8},"end":{"line":164,"column":32}},"60":{"start":{"line":166,"column":6},"end":{"line":166,"column":16}},"61":{"start":{"line":170,"column":2},"end":{"line":170,"column":27}},"62":{"start":{"line":170,"column":15},"end":{"line":170,"column":27}},"63":{"start":{"line":172,"column":21},"end":{"line":172,"column":36}},"64":{"start":{"line":173,"column":21},"end":{"line":173,"column":36}},"65":{"start":{"line":175,"column":19},"end":{"line":179,"column":3}},"66":{"start":{"line":176,"column":4},"end":{"line":176,"column":47}},"67":{"start":{"line":176,"column":20},"end":{"line":176,"column":47}},"68":{"start":{"line":177,"column":4},"end":{"line":177,"column":48}},"69":{"start":{"line":177,"column":20},"end":{"line":177,"column":48}},"70":{"start":{"line":178,"column":4},"end":{"line":178,"column":31}},"71":{"start":{"line":181,"column":2},"end":{"line":341,"column":4}},"72":{"start":{"line":190,"column":24},"end":{"line":190,"column":43}},"73":{"start":{"line":287,"column":47},"end":{"line":287,"column":55}},"74":{"start":{"line":290,"column":16},"end":{"line":290,"column":73}},"75":{"start":{"line":290,"column":39},"end":{"line":290,"column":71}}},"fnMap":{"0":{"name":"(anonymous_0)","decl":{"start":{"line":14,"column":21},"end":{"line":14,"column":22}},"loc":{"start":{"line":14,"column":78},"end":{"line":58,"column":1}},"line":14},"1":{"name":"(anonymous_1)","decl":{"start":{"line":17,"column":23},"end":{"line":17,"column":24}},"loc":{"start":{"line":17,"column":35},"end":{"line":20,"column":3}},"line":17},"2":{"name":"(anonymous_2)","decl":{"start":{"line":28,"column":15},"end":{"line":28,"column":16}},"loc":{"start":{"line":28,"column":21},"end":{"line":28,"column":48}},"line":28},"3":{"name":"(anonymous_3)","decl":{"start":{"line":45,"column":23},"end":{"line":45,"column":24}},"loc":{"start":{"line":46,"column":12},"end":{"line":52,"column":17}},"line":46},"4":{"name":"(anonymous_4)","decl":{"start":{"line":49,"column":23},"end":{"line":49,"column":24}},"loc":{"start":{"line":49,"column":29},"end":{"line":49,"column":46}},"line":49},"5":{"name":"(anonymous_5)","decl":{"start":{"line":60,"column":24},"end":{"line":60,"column":25}},"loc":{"start":{"line":66,"column":6},"end":{"line":342,"column":1}},"line":66},"6":{"name":"(anonymous_6)","decl":{"start":{"line":78,"column":12},"end":{"line":78,"column":13}},"loc":{"start":{"line":78,"column":18},"end":{"line":88,"column":3}},"line":78},"7":{"name":"(anonymous_7)","decl":{"start":{"line":79,"column":28},"end":{"line":79,"column":29}},"loc":{"start":{"line":79,"column":40},"end":{"line":86,"column":5}},"line":79},"8":{"name":"(anonymous_8)","decl":{"start":{"line":90,"column":12},"end":{"line":90,"column":13}},"loc":{"start":{"line":90,"column":18},"end":{"line":111,"column":3}},"line":90},"9":{"name":"(anonymous_9)","decl":{"start":{"line":113,"column":23},"end":{"line":113,"column":24}},"loc":{"start":{"line":113,"column":30},"end":{"line":127,"column":3}},"line":113},"10":{"name":"(anonymous_10)","decl":{"start":{"line":116,"column":16},"end":{"line":116,"column":17}},"loc":{"start":{"line":116,"column":27},"end":{"line":119,"column":5}},"line":116},"11":{"name":"(anonymous_11)","decl":{"start":{"line":122,"column":16},"end":{"line":122,"column":17}},"loc":{"start":{"line":122,"column":27},"end":{"line":125,"column":7}},"line":122},"12":{"name":"(anonymous_12)","decl":{"start":{"line":129,"column":23},"end":{"line":129,"column":24}},"loc":{"start":{"line":129,"column":29},"end":{"line":149,"column":3}},"line":129},"13":{"name":"(anonymous_13)","decl":{"start":{"line":138,"column":21},"end":{"line":138,"column":22}},"loc":{"start":{"line":138,"column":28},"end":{"line":138,"column":34}},"line":138},"14":{"name":"(anonymous_14)","decl":{"start":{"line":151,"column":23},"end":{"line":151,"column":24}},"loc":{"start":{"line":151,"column":30},"end":{"line":168,"column":3}},"line":151},"15":{"name":"(anonymous_15)","decl":{"start":{"line":175,"column":19},"end":{"line":175,"column":20}},"loc":{"start":{"line":175,"column":25},"end":{"line":179,"column":3}},"line":175},"16":{"name":"(anonymous_16)","decl":{"start":{"line":190,"column":17},"end":{"line":190,"column":18}},"loc":{"start":{"line":190,"column":24},"end":{"line":190,"column":43}},"line":190},"17":{"name":"(anonymous_17)","decl":{"start":{"line":287,"column":38},"end":{"line":287,"column":39}},"loc":{"start":{"line":287,"column":47},"end":{"line":287,"column":55}},"line":287},"18":{"name":"(anonymous_18)","decl":{"start":{"line":289,"column":24},"end":{"line":289,"column":25}},"loc":{"start":{"line":290,"column":16},"end":{"line":290,"column":73}},"line":290},"19":{"name":"(anonymous_19)","decl":{"start":{"line":290,"column":28},"end":{"line":290,"column":29}},"loc":{"start":{"line":290,"column":39},"end":{"line":290,"column":71}},"line":290}},"branchMap":{"0":{"loc":{"start":{"line":24,"column":34},"end":{"line":24,"column":52}},"type":"cond-expr","locations":[{"start":{"line":24,"column":41},"end":{"line":24,"column":47}},{"start":{"line":24,"column":50},"end":{"line":24,"column":52}}],"line":24},"1":{"loc":{"start":{"line":25,"column":8},"end":{"line":25,"column":34}},"type":"cond-expr","locations":[{"start":{"line":25,"column":19},"end":{"line":25,"column":29}},{"start":{"line":25,"column":32},"end":{"line":25,"column":34}}],"line":25},"2":{"loc":{"start":{"line":28,"column":21},"end":{"line":28,"column":48}},"type":"binary-expr","locations":[{"start":{"line":28,"column":21},"end":{"line":28,"column":30}},{"start":{"line":28,"column":34},"end":{"line":28,"column":48}}],"line":28},"3":{"loc":{"start":{"line":31,"column":15},"end":{"line":31,"column":35}},"type":"binary-expr","locations":[{"start":{"line":31,"column":15},"end":{"line":31,"column":20}},{"start":{"line":31,"column":24},"end":{"line":31,"column":35}}],"line":31},"4":{"loc":{"start":{"line":43,"column":7},"end":{"line":55,"column":7}},"type":"binary-expr","locations":[{"start":{"line":43,"column":7},"end":{"line":43,"column":11}},{"start":{"line":44,"column":8},"end":{"line":54,"column":13}}],"line":43},"5":{"loc":{"start":{"line":64,"column":2},"end":{"line":64,"column":14}},"type":"default-arg","locations":[{"start":{"line":64,"column":9},"end":{"line":64,"column":14}}],"line":64},"6":{"loc":{"start":{"line":65,"column":2},"end":{"line":65,"column":20}},"type":"default-arg","locations":[{"start":{"line":65,"column":16},"end":{"line":65,"column":20}}],"line":65},"7":{"loc":{"start":{"line":91,"column":4},"end":{"line":110,"column":5}},"type":"if","locations":[{"start":{"line":91,"column":4},"end":{"line":110,"column":5}},{"start":{},"end":{}}],"line":91},"8":{"loc":{"start":{"line":92,"column":6},"end":{"line":108,"column":7}},"type":"if","locations":[{"start":{"line":92,"column":6},"end":{"line":108,"column":7}},{"start":{"line":100,"column":13},"end":{"line":108,"column":7}}],"line":92},"9":{"loc":{"start":{"line":92,"column":10},"end":{"line":92,"column":61}},"type":"binary-expr","locations":[{"start":{"line":92,"column":11},"end":{"line":92,"column":26}},{"start":{"line":92,"column":30},"end":{"line":92,"column":45}},{"start":{"line":92,"column":50},"end":{"line":92,"column":61}}],"line":92},"10":{"loc":{"start":{"line":94,"column":16},"end":{"line":94,"column":36}},"type":"binary-expr","locations":[{"start":{"line":94,"column":16},"end":{"line":94,"column":30}},{"start":{"line":94,"column":34},"end":{"line":94,"column":36}}],"line":94},"11":{"loc":{"start":{"line":95,"column":17},"end":{"line":95,"column":37}},"type":"binary-expr","locations":[{"start":{"line":95,"column":17},"end":{"line":95,"column":31}},{"start":{"line":95,"column":35},"end":{"line":95,"column":37}}],"line":95},"12":{"loc":{"start":{"line":96,"column":20},"end":{"line":96,"column":40}},"type":"binary-expr","locations":[{"start":{"line":96,"column":20},"end":{"line":96,"column":34}},{"start":{"line":96,"column":38},"end":{"line":96,"column":40}}],"line":96},"13":{"loc":{"start":{"line":97,"column":23},"end":{"line":97,"column":43}},"type":"binary-expr","locations":[{"start":{"line":97,"column":23},"end":{"line":97,"column":37}},{"start":{"line":97,"column":41},"end":{"line":97,"column":43}}],"line":97},"14":{"loc":{"start":{"line":98,"column":24},"end":{"line":98,"column":44}},"type":"binary-expr","locations":[{"start":{"line":98,"column":24},"end":{"line":98,"column":38}},{"start":{"line":98,"column":42},"end":{"line":98,"column":44}}],"line":98},"15":{"loc":{"start":{"line":118,"column":14},"end":{"line":118,"column":77}},"type":"cond-expr","locations":[{"start":{"line":118,"column":35},"end":{"line":118,"column":68}},{"start":{"line":118,"column":72},"end":{"line":118,"column":77}}],"line":118},"16":{"loc":{"start":{"line":118,"column":35},"end":{"line":118,"column":68}},"type":"cond-expr","locations":[{"start":{"line":118,"column":50},"end":{"line":118,"column":52}},{"start":{"line":118,"column":55},"end":{"line":118,"column":68}}],"line":118},"17":{"loc":{"start":{"line":121,"column":4},"end":{"line":126,"column":5}},"type":"if","locations":[{"start":{"line":121,"column":4},"end":{"line":126,"column":5}},{"start":{},"end":{}}],"line":121},"18":{"loc":{"start":{"line":141,"column":4},"end":{"line":141,"column":42}},"type":"if","locations":[{"start":{"line":141,"column":4},"end":{"line":141,"column":42}},{"start":{},"end":{}}],"line":141},"19":{"loc":{"start":{"line":142,"column":4},"end":{"line":142,"column":45}},"type":"if","locations":[{"start":{"line":142,"column":4},"end":{"line":142,"column":45}},{"start":{},"end":{}}],"line":142},"20":{"loc":{"start":{"line":143,"column":4},"end":{"line":143,"column":54}},"type":"if","locations":[{"start":{"line":143,"column":4},"end":{"line":143,"column":54}},{"start":{},"end":{}}],"line":143},"21":{"loc":{"start":{"line":144,"column":4},"end":{"line":144,"column":49}},"type":"if","locations":[{"start":{"line":144,"column":4},"end":{"line":144,"column":49}},{"start":{},"end":{}}],"line":144},"22":{"loc":{"start":{"line":145,"column":4},"end":{"line":145,"column":58}},"type":"if","locations":[{"start":{"line":145,"column":4},"end":{"line":145,"column":58}},{"start":{},"end":{}}],"line":145},"23":{"loc":{"start":{"line":153,"column":4},"end":{"line":167,"column":5}},"type":"if","locations":[{"start":{"line":153,"column":4},"end":{"line":167,"column":5}},{"start":{},"end":{}}],"line":153},"24":{"loc":{"start":{"line":161,"column":6},"end":{"line":165,"column":7}},"type":"if","locations":[{"start":{"line":161,"column":6},"end":{"line":165,"column":7}},{"start":{"line":163,"column":13},"end":{"line":165,"column":7}}],"line":161},"25":{"loc":{"start":{"line":161,"column":10},"end":{"line":161,"column":40}},"type":"binary-expr","locations":[{"start":{"line":161,"column":10},"end":{"line":161,"column":25}},{"start":{"line":161,"column":29},"end":{"line":161,"column":40}}],"line":161},"26":{"loc":{"start":{"line":170,"column":2},"end":{"line":170,"column":27}},"type":"if","locations":[{"start":{"line":170,"column":2},"end":{"line":170,"column":27}},{"start":{},"end":{}}],"line":170},"27":{"loc":{"start":{"line":176,"column":4},"end":{"line":176,"column":47}},"type":"if","locations":[{"start":{"line":176,"column":4},"end":{"line":176,"column":47}},{"start":{},"end":{}}],"line":176},"28":{"loc":{"start":{"line":177,"column":4},"end":{"line":177,"column":48}},"type":"if","locations":[{"start":{"line":177,"column":4},"end":{"line":177,"column":48}},{"start":{},"end":{}}],"line":177},"29":{"loc":{"start":{"line":220,"column":28},"end":{"line":220,"column":78}},"type":"binary-expr","locations":[{"start":{"line":220,"column":28},"end":{"line":220,"column":39}},{"start":{"line":220,"column":43},"end":{"line":220,"column":78}}],"line":220},"30":{"loc":{"start":{"line":229,"column":25},"end":{"line":229,"column":51}},"type":"cond-expr","locations":[{"start":{"line":229,"column":39},"end":{"line":229,"column":46}},{"start":{"line":229,"column":49},"end":{"line":229,"column":51}}],"line":229},"31":{"loc":{"start":{"line":233,"column":13},"end":{"line":235,"column":13}},"type":"binary-expr","locations":[{"start":{"line":233,"column":13},"end":{"line":233,"column":24}},{"start":{"line":234,"column":14},"end":{"line":234,"column":66}}],"line":233},"32":{"loc":{"start":{"line":241,"column":27},"end":{"line":241,"column":77}},"type":"binary-expr","locations":[{"start":{"line":241,"column":27},"end":{"line":241,"column":38}},{"start":{"line":241,"column":42},"end":{"line":241,"column":77}}],"line":241},"33":{"loc":{"start":{"line":251,"column":27},"end":{"line":251,"column":54}},"type":"cond-expr","locations":[{"start":{"line":251,"column":42},"end":{"line":251,"column":49}},{"start":{"line":251,"column":52},"end":{"line":251,"column":54}}],"line":251},"34":{"loc":{"start":{"line":255,"column":15},"end":{"line":257,"column":15}},"type":"binary-expr","locations":[{"start":{"line":255,"column":15},"end":{"line":255,"column":27}},{"start":{"line":256,"column":16},"end":{"line":256,"column":69}}],"line":255},"35":{"loc":{"start":{"line":262,"column":26},"end":{"line":262,"column":76}},"type":"binary-expr","locations":[{"start":{"line":262,"column":26},"end":{"line":262,"column":37}},{"start":{"line":262,"column":41},"end":{"line":262,"column":76}}],"line":262},"36":{"loc":{"start":{"line":272,"column":27},"end":{"line":272,"column":57}},"type":"cond-expr","locations":[{"start":{"line":272,"column":45},"end":{"line":272,"column":52}},{"start":{"line":272,"column":55},"end":{"line":272,"column":57}}],"line":272},"37":{"loc":{"start":{"line":276,"column":15},"end":{"line":278,"column":15}},"type":"binary-expr","locations":[{"start":{"line":276,"column":15},"end":{"line":276,"column":30}},{"start":{"line":277,"column":16},"end":{"line":277,"column":72}}],"line":276},"38":{"loc":{"start":{"line":284,"column":24},"end":{"line":284,"column":74}},"type":"binary-expr","locations":[{"start":{"line":284,"column":24},"end":{"line":284,"column":35}},{"start":{"line":284,"column":39},"end":{"line":284,"column":74}}],"line":284},"39":{"loc":{"start":{"line":295,"column":13},"end":{"line":297,"column":13}},"type":"binary-expr","locations":[{"start":{"line":295,"column":13},"end":{"line":295,"column":32}},{"start":{"line":296,"column":14},"end":{"line":296,"column":74}}],"line":295},"40":{"loc":{"start":{"line":302,"column":21},"end":{"line":302,"column":71}},"type":"binary-expr","locations":[{"start":{"line":302,"column":21},"end":{"line":302,"column":32}},{"start":{"line":302,"column":36},"end":{"line":302,"column":71}}],"line":302},"41":{"loc":{"start":{"line":310,"column":25},"end":{"line":310,"column":58}},"type":"cond-expr","locations":[{"start":{"line":310,"column":46},"end":{"line":310,"column":53}},{"start":{"line":310,"column":56},"end":{"line":310,"column":58}}],"line":310},"42":{"loc":{"start":{"line":314,"column":13},"end":{"line":316,"column":13}},"type":"binary-expr","locations":[{"start":{"line":314,"column":13},"end":{"line":314,"column":31}},{"start":{"line":315,"column":14},"end":{"line":315,"column":73}}],"line":314},"43":{"loc":{"start":{"line":326,"column":15},"end":{"line":326,"column":42}},"type":"cond-expr","locations":[{"start":{"line":326,"column":28},"end":{"line":326,"column":34}},{"start":{"line":326,"column":37},"end":{"line":326,"column":42}}],"line":326},"44":{"loc":{"start":{"line":328,"column":13},"end":{"line":336,"column":13}},"type":"binary-expr","locations":[{"start":{"line":328,"column":13},"end":{"line":328,"column":24}},{"start":{"line":329,"column":14},"end":{"line":335,"column":23}}],"line":328},"45":{"loc":{"start":{"line":334,"column":17},"end":{"line":334,"column":58}},"type":"cond-expr","locations":[{"start":{"line":334,"column":30},"end":{"line":334,"column":40}},{"start":{"line":334,"column":43},"end":{"line":334,"column":58}}],"line":334}},"s":{"0":1,"1":19,"2":19,"3":2,"4":2,"5":19,"6":4,"7":4,"8":2,"9":1,"10":30,"11":30,"12":30,"13":30,"14":10,"15":10,"16":10,"17":10,"18":0,"19":10,"20":30,"21":10,"22":3,"23":1,"24":2,"25":3,"26":30,"27":9,"28":9,"29":9,"30":9,"31":0,"32":0,"33":30,"34":3,"35":3,"36":3,"37":3,"38":3,"39":3,"40":6,"41":3,"42":0,"43":3,"44":0,"45":3,"46":0,"47":3,"48":0,"49":3,"50":0,"51":3,"52":3,"53":30,"54":3,"55":3,"56":3,"57":3,"58":1,"59":2,"60":3,"61":30,"62":13,"63":17,"64":17,"65":17,"66":17,"67":0,"68":17,"69":3,"70":14,"71":17,"72":7,"73":34,"74":2,"75":2},"f":{"0":19,"1":2,"2":4,"3":4,"4":2,"5":30,"6":10,"7":10,"8":10,"9":9,"10":9,"11":0,"12":3,"13":6,"14":3,"15":17,"16":7,"17":34,"18":2,"19":2},"b":{"0":[2,17],"1":[0,19],"2":[4,4],"3":[19,15],"4":[19,2],"5":[0],"6":[0],"7":[3,7],"8":[1,2],"9":[3,2,1],"10":[1,0],"11":[1,0],"12":[1,0],"13":[1,0],"14":[1,0],"15":[4,5],"16":[0,4],"17":[0,9],"18":[0,3],"19":[0,3],"20":[0,3],"21":[0,3],"22":[0,3],"23":[3,0],"24":[1,2],"25":[3,1],"26":[13,17],"27":[0,17],"28":[3,14],"29":[17,17],"30":[0,17],"31":[17,0],"32":[17,17],"33":[0,17],"34":[17,0],"35":[17,17],"36":[0,17],"37":[17,0],"38":[17,17],"39":[17,0],"40":[17,17],"41":[0,17],"42":[17,0],"43":[0,17],"44":[17,17],"45":[3,14]},"_coverageSchema":"1a1c01bbd47fc00a2c39e90264f33305004495a9","hash":"c64e61a46a8796312bb46340c3ae330ab49f7784"}
,"D:\\software_enginneer\\year_3\\semester_1\\software testing\\FloginFE_BE\\frontend\\src\\components\\AuthSlider\\AuthSlider.jsx": {"path":"D:\\software_enginneer\\year_3\\semester_1\\software testing\\FloginFE_BE\\frontend\\src\\components\\AuthSlider\\AuthSlider.jsx","statementMap":{"0":{"start":{"line":5,"column":19},"end":{"line":43,"column":1}},"1":{"start":{"line":6,"column":42},"end":{"line":6,"column":53}},"2":{"start":{"line":7,"column":17},"end":{"line":11,"column":3}},"3":{"start":{"line":13,"column":2},"end":{"line":18,"column":21}},"4":{"start":{"line":14,"column":18},"end":{"line":16,"column":12}},"5":{"start":{"line":15,"column":6},"end":{"line":15,"column":59}},"6":{"start":{"line":15,"column":32},"end":{"line":15,"column":58}},"7":{"start":{"line":17,"column":4},"end":{"line":17,"column":37}},"8":{"start":{"line":17,"column":17},"end":{"line":17,"column":37}},"9":{"start":{"line":20,"column":2},"end":{"line":42,"column":3}},"10":{"start":{"line":33,"column":12},"end":{"line":37,"column":14}},"11":{"start":{"line":36,"column":29},"end":{"line":36,"column":51}}},"fnMap":{"0":{"name":"(anonymous_0)","decl":{"start":{"line":5,"column":19},"end":{"line":5,"column":20}},"loc":{"start":{"line":5,"column":25},"end":{"line":43,"column":1}},"line":5},"1":{"name":"(anonymous_1)","decl":{"start":{"line":13,"column":12},"end":{"line":13,"column":13}},"loc":{"start":{"line":13,"column":18},"end":{"line":18,"column":3}},"line":13},"2":{"name":"(anonymous_2)","decl":{"start":{"line":14,"column":30},"end":{"line":14,"column":31}},"loc":{"start":{"line":14,"column":36},"end":{"line":16,"column":5}},"line":14},"3":{"name":"(anonymous_3)","decl":{"start":{"line":15,"column":22},"end":{"line":15,"column":23}},"loc":{"start":{"line":15,"column":32},"end":{"line":15,"column":58}},"line":15},"4":{"name":"(anonymous_4)","decl":{"start":{"line":17,"column":11},"end":{"line":17,"column":12}},"loc":{"start":{"line":17,"column":17},"end":{"line":17,"column":37}},"line":17},"5":{"name":"(anonymous_5)","decl":{"start":{"line":32,"column":22},"end":{"line":32,"column":23}},"loc":{"start":{"line":33,"column":12},"end":{"line":37,"column":14}},"line":33},"6":{"name":"(anonymous_6)","decl":{"start":{"line":36,"column":23},"end":{"line":36,"column":24}},"loc":{"start":{"line":36,"column":29},"end":{"line":36,"column":51}},"line":36}},"branchMap":{"0":{"loc":{"start":{"line":35,"column":32},"end":{"line":35,"column":70}},"type":"cond-expr","locations":[{"start":{"line":35,"column":57},"end":{"line":35,"column":65}},{"start":{"line":35,"column":68},"end":{"line":35,"column":70}}],"line":35}},"s":{"0":0,"1":0,"2":0,"3":0,"4":0,"5":0,"6":0,"7":0,"8":0,"9":0,"10":0,"11":0},"f":{"0":0,"1":0,"2":0,"3":0,"4":0,"5":0,"6":0},"b":{"0":[0,0]}}
,"D:\\software_enginneer\\year_3\\semester_1\\software testing\\FloginFE_BE\\frontend\\src\\components\\Button\\Button.jsx": {"path":"D:\\software_enginneer\\year_3\\semester_1\\software testing\\FloginFE_BE\\frontend\\src\\components\\Button\\Button.jsx","statementMap":{"0":{"start":{"line":14,"column":2},"end":{"line":25,"column":3}},"1":{"start":{"line":28,"column":0},"end":{"line":46,"column":2}}},"fnMap":{"0":{"name":"Button","decl":{"start":{"line":4,"column":24},"end":{"line":4,"column":30}},"loc":{"start":{"line":13,"column":3},"end":{"line":26,"column":1}},"line":13}},"branchMap":{"0":{"loc":{"start":{"line":7,"column":2},"end":{"line":7,"column":21}},"type":"default-arg","locations":[{"start":{"line":7,"column":12},"end":{"line":7,"column":21}}],"line":7},"1":{"loc":{"start":{"line":8,"column":2},"end":{"line":8,"column":18}},"type":"default-arg","locations":[{"start":{"line":8,"column":13},"end":{"line":8,"column":18}}],"line":8},"2":{"loc":{"start":{"line":10,"column":2},"end":{"line":10,"column":17}},"type":"default-arg","locations":[{"start":{"line":10,"column":9},"end":{"line":10,"column":17}}],"line":10},"3":{"loc":{"start":{"line":11,"column":2},"end":{"line":11,"column":16}},"type":"default-arg","locations":[{"start":{"line":11,"column":14},"end":{"line":11,"column":16}}],"line":11}},"s":{"0":32,"1":1},"f":{"0":32},"b":{"0":[30],"1":[32],"2":[32],"3":[32]},"_coverageSchema":"1a1c01bbd47fc00a2c39e90264f33305004495a9","hash":"d16fe437bcbe7dd3ace49d2a800cc7a8f9a140c9"}
,"D:\\software_enginneer\\year_3\\semester_1\\software testing\\FloginFE_BE\\frontend\\src\\components\\CustomSelect\\CustomSelect.jsx": {"path":"D:\\software_enginneer\\year_3\\semester_1\\software testing\\FloginFE_BE\\frontend\\src\\components\\CustomSelect\\CustomSelect.jsx","statementMap":{"0":{"start":{"line":6,"column":26},"end":{"line":6,"column":41}},"1":{"start":{"line":7,"column":36},"end":{"line":7,"column":52}},"2":{"start":{"line":8,"column":20},"end":{"line":8,"column":32}},"3":{"start":{"line":10,"column":2},"end":{"line":21,"column":13}},"4":{"start":{"line":11,"column":4},"end":{"line":20,"column":5}},"5":{"start":{"line":12,"column":19},"end":{"line":12,"column":60}},"6":{"start":{"line":13,"column":25},"end":{"line":13,"column":57}},"7":{"start":{"line":14,"column":25},"end":{"line":14,"column":33}},"8":{"start":{"line":15,"column":6},"end":{"line":19,"column":7}},"9":{"start":{"line":16,"column":8},"end":{"line":16,"column":27}},"10":{"start":{"line":18,"column":8},"end":{"line":18,"column":29}},"11":{"start":{"line":23,"column":2},"end":{"line":31,"column":9}},"12":{"start":{"line":24,"column":31},"end":{"line":28,"column":5}},"13":{"start":{"line":25,"column":6},"end":{"line":27,"column":7}},"14":{"start":{"line":26,"column":8},"end":{"line":26,"column":23}},"15":{"start":{"line":29,"column":4},"end":{"line":29,"column":63}},"16":{"start":{"line":30,"column":4},"end":{"line":30,"column":79}},"17":{"start":{"line":30,"column":17},"end":{"line":30,"column":78}},"18":{"start":{"line":33,"column":23},"end":{"line":36,"column":3}},"19":{"start":{"line":34,"column":4},"end":{"line":34,"column":21}},"20":{"start":{"line":35,"column":4},"end":{"line":35,"column":19}},"21":{"start":{"line":38,"column":2},"end":{"line":67,"column":4}},"22":{"start":{"line":42,"column":21},"end":{"line":42,"column":48}},"23":{"start":{"line":60,"column":12},"end":{"line":62,"column":17}},"24":{"start":{"line":60,"column":43},"end":{"line":60,"column":60}},"25":{"start":{"line":70,"column":0},"end":{"line":76,"column":2}}},"fnMap":{"0":{"name":"CustomSelect","decl":{"start":{"line":5,"column":24},"end":{"line":5,"column":36}},"loc":{"start":{"line":5,"column":116},"end":{"line":68,"column":1}},"line":5},"1":{"name":"(anonymous_1)","decl":{"start":{"line":10,"column":12},"end":{"line":10,"column":13}},"loc":{"start":{"line":10,"column":18},"end":{"line":21,"column":3}},"line":10},"2":{"name":"(anonymous_2)","decl":{"start":{"line":23,"column":12},"end":{"line":23,"column":13}},"loc":{"start":{"line":23,"column":18},"end":{"line":31,"column":3}},"line":23},"3":{"name":"(anonymous_3)","decl":{"start":{"line":24,"column":31},"end":{"line":24,"column":32}},"loc":{"start":{"line":24,"column":42},"end":{"line":28,"column":5}},"line":24},"4":{"name":"(anonymous_4)","decl":{"start":{"line":30,"column":11},"end":{"line":30,"column":12}},"loc":{"start":{"line":30,"column":17},"end":{"line":30,"column":78}},"line":30},"5":{"name":"(anonymous_5)","decl":{"start":{"line":33,"column":23},"end":{"line":33,"column":24}},"loc":{"start":{"line":33,"column":35},"end":{"line":36,"column":3}},"line":33},"6":{"name":"(anonymous_6)","decl":{"start":{"line":42,"column":15},"end":{"line":42,"column":16}},"loc":{"start":{"line":42,"column":21},"end":{"line":42,"column":48}},"line":42},"7":{"name":"(anonymous_7)","decl":{"start":{"line":59,"column":23},"end":{"line":59,"column":24}},"loc":{"start":{"line":60,"column":12},"end":{"line":62,"column":17}},"line":60},"8":{"name":"(anonymous_8)","decl":{"start":{"line":60,"column":37},"end":{"line":60,"column":38}},"loc":{"start":{"line":60,"column":43},"end":{"line":60,"column":60}},"line":60}},"branchMap":{"0":{"loc":{"start":{"line":5,"column":39},"end":{"line":5,"column":51}},"type":"default-arg","locations":[{"start":{"line":5,"column":49},"end":{"line":5,"column":51}}],"line":5},"1":{"loc":{"start":{"line":5,"column":70},"end":{"line":5,"column":86}},"type":"default-arg","locations":[{"start":{"line":5,"column":81},"end":{"line":5,"column":86}}],"line":5},"2":{"loc":{"start":{"line":5,"column":88},"end":{"line":5,"column":112}},"type":"default-arg","locations":[{"start":{"line":5,"column":102},"end":{"line":5,"column":112}}],"line":5},"3":{"loc":{"start":{"line":11,"column":4},"end":{"line":20,"column":5}},"type":"if","locations":[{"start":{"line":11,"column":4},"end":{"line":20,"column":5}},{"start":{},"end":{}}],"line":11},"4":{"loc":{"start":{"line":11,"column":8},"end":{"line":11,"column":33}},"type":"binary-expr","locations":[{"start":{"line":11,"column":8},"end":{"line":11,"column":12}},{"start":{"line":11,"column":16},"end":{"line":11,"column":33}}],"line":11},"5":{"loc":{"start":{"line":15,"column":6},"end":{"line":19,"column":7}},"type":"if","locations":[{"start":{"line":15,"column":6},"end":{"line":19,"column":7}},{"start":{"line":17,"column":13},"end":{"line":19,"column":7}}],"line":15},"6":{"loc":{"start":{"line":15,"column":10},"end":{"line":15,"column":53}},"type":"binary-expr","locations":[{"start":{"line":15,"column":10},"end":{"line":15,"column":26}},{"start":{"line":15,"column":30},"end":{"line":15,"column":53}}],"line":15},"7":{"loc":{"start":{"line":25,"column":6},"end":{"line":27,"column":7}},"type":"if","locations":[{"start":{"line":25,"column":6},"end":{"line":27,"column":7}},{"start":{},"end":{}}],"line":25},"8":{"loc":{"start":{"line":25,"column":10},"end":{"line":25,"column":72}},"type":"binary-expr","locations":[{"start":{"line":25,"column":10},"end":{"line":25,"column":27}},{"start":{"line":25,"column":31},"end":{"line":25,"column":72}}],"line":25},"9":{"loc":{"start":{"line":41,"column":34},"end":{"line":41,"column":52}},"type":"cond-expr","locations":[{"start":{"line":41,"column":41},"end":{"line":41,"column":47}},{"start":{"line":41,"column":50},"end":{"line":41,"column":52}}],"line":41},"10":{"loc":{"start":{"line":41,"column":56},"end":{"line":41,"column":82}},"type":"cond-expr","locations":[{"start":{"line":41,"column":67},"end":{"line":41,"column":77}},{"start":{"line":41,"column":80},"end":{"line":41,"column":82}}],"line":41},"11":{"loc":{"start":{"line":42,"column":21},"end":{"line":42,"column":48}},"type":"binary-expr","locations":[{"start":{"line":42,"column":21},"end":{"line":42,"column":30}},{"start":{"line":42,"column":34},"end":{"line":42,"column":48}}],"line":42},"12":{"loc":{"start":{"line":45,"column":15},"end":{"line":45,"column":35}},"type":"binary-expr","locations":[{"start":{"line":45,"column":15},"end":{"line":45,"column":20}},{"start":{"line":45,"column":24},"end":{"line":45,"column":35}}],"line":45},"13":{"loc":{"start":{"line":57,"column":7},"end":{"line":65,"column":7}},"type":"binary-expr","locations":[{"start":{"line":57,"column":7},"end":{"line":57,"column":11}},{"start":{"line":58,"column":8},"end":{"line":64,"column":13}}],"line":57}},"s":{"0":12,"1":12,"2":12,"3":12,"4":8,"5":0,"6":0,"7":0,"8":0,"9":0,"10":0,"11":12,"12":8,"13":0,"14":0,"15":8,"16":8,"17":8,"18":12,"19":0,"20":0,"21":12,"22":0,"23":0,"24":0,"25":1},"f":{"0":12,"1":8,"2":8,"3":0,"4":8,"5":0,"6":0,"7":0,"8":0},"b":{"0":[0],"1":[12],"2":[12],"3":[0,8],"4":[8,0],"5":[0,0],"6":[0,0],"7":[0,0],"8":[0,0],"9":[0,12],"10":[0,12],"11":[0,0],"12":[12,0],"13":[12,0]},"_coverageSchema":"1a1c01bbd47fc00a2c39e90264f33305004495a9","hash":"bdc7a601226edc9b64f1d89f43666e27d4113e54"}
,"D:\\software_enginneer\\year_3\\semester_1\\software testing\\FloginFE_BE\\frontend\\src\\components\\CustomTable\\CustomTable.jsx": {"path":"D:\\software_enginneer\\year_3\\semester_1\\software testing\\FloginFE_BE\\frontend\\src\\components\\CustomTable\\CustomTable.jsx","statementMap":{"0":{"start":{"line":7,"column":22},"end":{"line":193,"column":3}},"1":{"start":{"line":8,"column":46},"end":{"line":11,"column":6}},"2":{"start":{"line":13,"column":23},"end":{"line":15,"column":5}},"3":{"start":{"line":14,"column":6},"end":{"line":14,"column":30}},"4":{"start":{"line":14,"column":18},"end":{"line":14,"column":30}},"5":{"start":{"line":17,"column":23},"end":{"line":19,"column":5}},"6":{"start":{"line":18,"column":6},"end":{"line":18,"column":30}},"7":{"start":{"line":18,"column":18},"end":{"line":18,"column":30}},"8":{"start":{"line":21,"column":30},"end":{"line":26,"column":5}},"9":{"start":{"line":22,"column":6},"end":{"line":25,"column":9}},"10":{"start":{"line":28,"column":26},"end":{"line":33,"column":37}},"11":{"start":{"line":29,"column":6},"end":{"line":31,"column":7}},"12":{"start":{"line":30,"column":8},"end":{"line":30,"column":36}},"13":{"start":{"line":32,"column":6},"end":{"line":32,"column":53}},"14":{"start":{"line":35,"column":25},"end":{"line":37,"column":10}},"15":{"start":{"line":36,"column":6},"end":{"line":36,"column":53}},"16":{"start":{"line":40,"column":4},"end":{"line":55,"column":60}},"17":{"start":{"line":41,"column":28},"end":{"line":51,"column":7}},"18":{"start":{"line":42,"column":8},"end":{"line":42,"column":42}},"19":{"start":{"line":42,"column":35},"end":{"line":42,"column":42}},"20":{"start":{"line":44,"column":8},"end":{"line":50,"column":9}},"21":{"start":{"line":45,"column":10},"end":{"line":45,"column":29}},"22":{"start":{"line":46,"column":10},"end":{"line":46,"column":26}},"23":{"start":{"line":47,"column":15},"end":{"line":50,"column":9}},"24":{"start":{"line":48,"column":10},"end":{"line":48,"column":29}},"25":{"start":{"line":49,"column":10},"end":{"line":49,"column":25}},"26":{"start":{"line":53,"column":6},"end":{"line":53,"column":58}},"27":{"start":{"line":54,"column":6},"end":{"line":54,"column":74}},"28":{"start":{"line":54,"column":19},"end":{"line":54,"column":73}},"29":{"start":{"line":57,"column":4},"end":{"line":192,"column":6}},"30":{"start":{"line":61,"column":12},"end":{"line":63,"column":18}},"31":{"start":{"line":70,"column":28},"end":{"line":137,"column":13}},"32":{"start":{"line":73,"column":28},"end":{"line":73,"column":43}},"33":{"start":{"line":95,"column":28},"end":{"line":95,"column":43}},"34":{"start":{"line":117,"column":28},"end":{"line":117,"column":50}},"35":{"start":{"line":139,"column":12},"end":{"line":159,"column":14}},"36":{"start":{"line":146,"column":18},"end":{"line":148,"column":24}},"37":{"start":{"line":153,"column":20},"end":{"line":155,"column":29}},"38":{"start":{"line":166,"column":58},"end":{"line":166,"column":77}},"39":{"start":{"line":195,"column":2},"end":{"line":201,"column":4}}},"fnMap":{"0":{"name":"(anonymous_0)","decl":{"start":{"line":7,"column":22},"end":{"line":7,"column":23}},"loc":{"start":{"line":7,"column":71},"end":{"line":193,"column":3}},"line":7},"1":{"name":"(anonymous_1)","decl":{"start":{"line":13,"column":23},"end":{"line":13,"column":24}},"loc":{"start":{"line":13,"column":32},"end":{"line":15,"column":5}},"line":13},"2":{"name":"(anonymous_2)","decl":{"start":{"line":17,"column":23},"end":{"line":17,"column":24}},"loc":{"start":{"line":17,"column":32},"end":{"line":19,"column":5}},"line":17},"3":{"name":"(anonymous_3)","decl":{"start":{"line":21,"column":30},"end":{"line":21,"column":31}},"loc":{"start":{"line":21,"column":39},"end":{"line":26,"column":5}},"line":21},"4":{"name":"(anonymous_4)","decl":{"start":{"line":28,"column":38},"end":{"line":28,"column":39}},"loc":{"start":{"line":28,"column":44},"end":{"line":33,"column":5}},"line":28},"5":{"name":"(anonymous_5)","decl":{"start":{"line":35,"column":37},"end":{"line":35,"column":38}},"loc":{"start":{"line":35,"column":43},"end":{"line":37,"column":5}},"line":35},"6":{"name":"(anonymous_6)","decl":{"start":{"line":40,"column":14},"end":{"line":40,"column":15}},"loc":{"start":{"line":40,"column":20},"end":{"line":55,"column":5}},"line":40},"7":{"name":"(anonymous_7)","decl":{"start":{"line":41,"column":28},"end":{"line":41,"column":29}},"loc":{"start":{"line":41,"column":35},"end":{"line":51,"column":7}},"line":41},"8":{"name":"(anonymous_8)","decl":{"start":{"line":54,"column":13},"end":{"line":54,"column":14}},"loc":{"start":{"line":54,"column":19},"end":{"line":54,"column":73}},"line":54},"9":{"name":"(anonymous_9)","decl":{"start":{"line":60,"column":23},"end":{"line":60,"column":24}},"loc":{"start":{"line":61,"column":12},"end":{"line":63,"column":18}},"line":61},"10":{"name":"(anonymous_10)","decl":{"start":{"line":69,"column":20},"end":{"line":69,"column":21}},"loc":{"start":{"line":69,"column":39},"end":{"line":160,"column":11}},"line":69},"11":{"name":"(anonymous_11)","decl":{"start":{"line":73,"column":22},"end":{"line":73,"column":23}},"loc":{"start":{"line":73,"column":28},"end":{"line":73,"column":43}},"line":73},"12":{"name":"(anonymous_12)","decl":{"start":{"line":95,"column":22},"end":{"line":95,"column":23}},"loc":{"start":{"line":95,"column":28},"end":{"line":95,"column":43}},"line":95},"13":{"name":"(anonymous_13)","decl":{"start":{"line":117,"column":22},"end":{"line":117,"column":23}},"loc":{"start":{"line":117,"column":28},"end":{"line":117,"column":50}},"line":117},"14":{"name":"(anonymous_14)","decl":{"start":{"line":145,"column":25},"end":{"line":145,"column":26}},"loc":{"start":{"line":146,"column":18},"end":{"line":148,"column":24}},"line":146},"15":{"name":"(anonymous_15)","decl":{"start":{"line":152,"column":31},"end":{"line":152,"column":32}},"loc":{"start":{"line":153,"column":20},"end":{"line":155,"column":29}},"line":153},"16":{"name":"(anonymous_16)","decl":{"start":{"line":166,"column":51},"end":{"line":166,"column":52}},"loc":{"start":{"line":166,"column":58},"end":{"line":166,"column":77}},"line":166}},"branchMap":{"0":{"loc":{"start":{"line":14,"column":6},"end":{"line":14,"column":30}},"type":"if","locations":[{"start":{"line":14,"column":6},"end":{"line":14,"column":30}},{"start":{},"end":{}}],"line":14},"1":{"loc":{"start":{"line":18,"column":6},"end":{"line":18,"column":30}},"type":"if","locations":[{"start":{"line":18,"column":6},"end":{"line":18,"column":30}},{"start":{},"end":{}}],"line":18},"2":{"loc":{"start":{"line":29,"column":6},"end":{"line":31,"column":7}},"type":"if","locations":[{"start":{"line":29,"column":6},"end":{"line":31,"column":7}},{"start":{},"end":{}}],"line":29},"3":{"loc":{"start":{"line":29,"column":10},"end":{"line":29,"column":39}},"type":"binary-expr","locations":[{"start":{"line":29,"column":10},"end":{"line":29,"column":18}},{"start":{"line":29,"column":22},"end":{"line":29,"column":39}}],"line":29},"4":{"loc":{"start":{"line":42,"column":8},"end":{"line":42,"column":42}},"type":"if","locations":[{"start":{"line":42,"column":8},"end":{"line":42,"column":42}},{"start":{},"end":{}}],"line":42},"5":{"loc":{"start":{"line":44,"column":8},"end":{"line":50,"column":9}},"type":"if","locations":[{"start":{"line":44,"column":8},"end":{"line":50,"column":9}},{"start":{"line":47,"column":15},"end":{"line":50,"column":9}}],"line":44},"6":{"loc":{"start":{"line":47,"column":15},"end":{"line":50,"column":9}},"type":"if","locations":[{"start":{"line":47,"column":15},"end":{"line":50,"column":9}},{"start":{},"end":{}}],"line":47},"7":{"loc":{"start":{"line":164,"column":9},"end":{"line":190,"column":9}},"type":"binary-expr","locations":[{"start":{"line":164,"column":9},"end":{"line":164,"column":29}},{"start":{"line":165,"column":10},"end":{"line":189,"column":16}}],"line":164}},"s":{"0":1,"1":14,"2":14,"3":0,"4":0,"5":14,"6":1,"7":1,"8":14,"9":1,"10":14,"11":1,"12":1,"13":1,"14":14,"15":0,"16":14,"17":14,"18":0,"19":0,"20":0,"21":0,"22":0,"23":0,"24":0,"25":0,"26":14,"27":14,"28":14,"29":14,"30":84,"31":10,"32":0,"33":1,"34":1,"35":10,"36":60,"37":30,"38":1,"39":1},"f":{"0":14,"1":0,"2":1,"3":1,"4":1,"5":0,"6":14,"7":0,"8":14,"9":84,"10":10,"11":0,"12":1,"13":1,"14":60,"15":30,"16":1},"b":{"0":[0,0],"1":[1,0],"2":[1,0],"3":[1,1],"4":[0,0],"5":[0,0],"6":[0,0],"7":[14,1]},"_coverageSchema":"1a1c01bbd47fc00a2c39e90264f33305004495a9","hash":"56c8e3b16c6054051fcd7c99b853670611a1427d"}
,"D:\\software_enginneer\\year_3\\semester_1\\software testing\\FloginFE_BE\\frontend\\src\\components\\Devider\\Devider.jsx": {"path":"D:\\software_enginneer\\year_3\\semester_1\\software testing\\FloginFE_BE\\frontend\\src\\components\\Devider\\Devider.jsx","statementMap":{"0":{"start":{"line":4,"column":4},"end":{"line":6,"column":5}}},"fnMap":{"0":{"name":"Devider","decl":{"start":{"line":3,"column":24},"end":{"line":3,"column":31}},"loc":{"start":{"line":3,"column":47},"end":{"line":7,"column":1}},"line":3}},"branchMap":{"0":{"loc":{"start":{"line":3,"column":33},"end":{"line":3,"column":44}},"type":"default-arg","locations":[{"start":{"line":3,"column":39},"end":{"line":3,"column":44}}],"line":3},"1":{"loc":{"start":{"line":5,"column":35},"end":{"line":5,"column":54}},"type":"cond-expr","locations":[{"start":{"line":5,"column":42},"end":{"line":5,"column":49}},{"start":{"line":5,"column":52},"end":{"line":5,"column":54}}],"line":5}},"s":{"0":16},"f":{"0":16},"b":{"0":[0],"1":[16,0]},"_coverageSchema":"1a1c01bbd47fc00a2c39e90264f33305004495a9","hash":"a49c11f74e722400d80e018534421b36a29a47e6"}
,"D:\\software_enginneer\\year_3\\semester_1\\software testing\\FloginFE_BE\\frontend\\src\\components\\ErrorBoundary\\ErrorBoundary.jsx": {"path":"D:\\software_enginneer\\year_3\\semester_1\\software testing\\FloginFE_BE\\frontend\\src\\components\\ErrorBoundary\\ErrorBoundary.jsx","statementMap":{"0":{"start":{"line":11,"column":4},"end":{"line":11,"column":17}},"1":{"start":{"line":12,"column":4},"end":{"line":16,"column":6}},"2":{"start":{"line":21,"column":4},"end":{"line":21,"column":30}},"3":{"start":{"line":26,"column":4},"end":{"line":29,"column":5}},"4":{"start":{"line":27,"column":6},"end":{"line":27,"column":61}},"5":{"start":{"line":28,"column":6},"end":{"line":28,"column":46}},"6":{"start":{"line":32,"column":4},"end":{"line":35,"column":7}},"7":{"start":{"line":41,"column":16},"end":{"line":50,"column":3}},"8":{"start":{"line":42,"column":4},"end":{"line":46,"column":7}},"9":{"start":{"line":49,"column":4},"end":{"line":49,"column":29}},"10":{"start":{"line":53,"column":4},"end":{"line":94,"column":5}},"11":{"start":{"line":55,"column":6},"end":{"line":93,"column":8}},"12":{"start":{"line":85,"column":31},"end":{"line":85,"column":52}},"13":{"start":{"line":97,"column":4},"end":{"line":97,"column":31}}},"fnMap":{"0":{"name":"(anonymous_0)","decl":{"start":{"line":10,"column":2},"end":{"line":10,"column":3}},"loc":{"start":{"line":10,"column":21},"end":{"line":17,"column":3}},"line":10},"1":{"name":"(anonymous_1)","decl":{"start":{"line":19,"column":2},"end":{"line":19,"column":3}},"loc":{"start":{"line":19,"column":36},"end":{"line":22,"column":3}},"line":19},"2":{"name":"(anonymous_2)","decl":{"start":{"line":24,"column":2},"end":{"line":24,"column":3}},"loc":{"start":{"line":24,"column":38},"end":{"line":39,"column":3}},"line":24},"3":{"name":"(anonymous_3)","decl":{"start":{"line":41,"column":16},"end":{"line":41,"column":17}},"loc":{"start":{"line":41,"column":22},"end":{"line":50,"column":3}},"line":41},"4":{"name":"(anonymous_4)","decl":{"start":{"line":52,"column":2},"end":{"line":52,"column":3}},"loc":{"start":{"line":52,"column":11},"end":{"line":98,"column":3}},"line":52},"5":{"name":"(anonymous_5)","decl":{"start":{"line":85,"column":25},"end":{"line":85,"column":26}},"loc":{"start":{"line":85,"column":31},"end":{"line":85,"column":52}},"line":85}},"branchMap":{"0":{"loc":{"start":{"line":26,"column":4},"end":{"line":29,"column":5}},"type":"if","locations":[{"start":{"line":26,"column":4},"end":{"line":29,"column":5}},{"start":{},"end":{}}],"line":26},"1":{"loc":{"start":{"line":26,"column":8},"end":{"line":26,"column":81}},"type":"binary-expr","locations":[{"start":{"line":26,"column":8},"end":{"line":26,"column":37}},{"start":{"line":26,"column":41},"end":{"line":26,"column":81}}],"line":26},"2":{"loc":{"start":{"line":53,"column":4},"end":{"line":94,"column":5}},"type":"if","locations":[{"start":{"line":53,"column":4},"end":{"line":94,"column":5}},{"start":{},"end":{}}],"line":53},"3":{"loc":{"start":{"line":64,"column":13},"end":{"line":75,"column":13}},"type":"binary-expr","locations":[{"start":{"line":64,"column":14},"end":{"line":64,"column":43}},{"start":{"line":64,"column":47},"end":{"line":64,"column":87}},{"start":{"line":64,"column":92},"end":{"line":64,"column":108}},{"start":{"line":65,"column":14},"end":{"line":74,"column":24}}],"line":64}},"s":{"0":0,"1":0,"2":0,"3":0,"4":0,"5":0,"6":0,"7":0,"8":0,"9":0,"10":0,"11":0,"12":0,"13":0},"f":{"0":0,"1":0,"2":0,"3":0,"4":0,"5":0},"b":{"0":[0,0],"1":[0,0],"2":[0,0],"3":[0,0,0,0]}}
,"D:\\software_enginneer\\year_3\\semester_1\\software testing\\FloginFE_BE\\frontend\\src\\components\\Header\\Header.jsx": {"path":"D:\\software_enginneer\\year_3\\semester_1\\software testing\\FloginFE_BE\\frontend\\src\\components\\Header\\Header.jsx","statementMap":{"0":{"start":{"line":5,"column":15},"end":{"line":38,"column":1}},"1":{"start":{"line":7,"column":2},"end":{"line":37,"column":3}}},"fnMap":{"0":{"name":"(anonymous_0)","decl":{"start":{"line":5,"column":15},"end":{"line":5,"column":16}},"loc":{"start":{"line":5,"column":21},"end":{"line":38,"column":1}},"line":5}},"branchMap":{},"s":{"0":0,"1":0},"f":{"0":0},"b":{}}
,"D:\\software_enginneer\\year_3\\semester_1\\software testing\\FloginFE_BE\\frontend\\src\\components\\Icon\\Icon.jsx": {"path":"D:\\software_enginneer\\year_3\\semester_1\\software testing\\FloginFE_BE\\frontend\\src\\components\\Icon\\Icon.jsx","statementMap":{"0":{"start":{"line":4,"column":18},"end":{"line":7,"column":1}},"1":{"start":{"line":10,"column":4},"end":{"line":15,"column":5}}},"fnMap":{"0":{"name":"Icon","decl":{"start":{"line":9,"column":24},"end":{"line":9,"column":28}},"loc":{"start":{"line":9,"column":59},"end":{"line":16,"column":1}},"line":9}},"branchMap":{"0":{"loc":{"start":{"line":13,"column":13},"end":{"line":13,"column":47}},"type":"binary-expr","locations":[{"start":{"line":13,"column":13},"end":{"line":13,"column":20}},{"start":{"line":13,"column":24},"end":{"line":13,"column":47}}],"line":13}},"s":{"0":1,"1":64},"f":{"0":64},"b":{"0":[64,0]},"_coverageSchema":"1a1c01bbd47fc00a2c39e90264f33305004495a9","hash":"2ce8f80fb3d5128343817cc53e348bf001c175d8"}
,"D:\\software_enginneer\\year_3\\semester_1\\software testing\\FloginFE_BE\\frontend\\src\\components\\Icon\\api.js": {"path":"D:\\software_enginneer\\year_3\\semester_1\\software testing\\FloginFE_BE\\frontend\\src\\components\\Icon\\api.js","statementMap":{"0":{"start":{"line":3,"column":12},"end":{"line":8,"column":2}}},"fnMap":{},"branchMap":{},"s":{"0":0},"f":{},"b":{}}
,"D:\\software_enginneer\\year_3\\semester_1\\software testing\\FloginFE_BE\\frontend\\src\\components\\LoginForm\\LoginForm.jsx": {"path":"D:\\software_enginneer\\year_3\\semester_1\\software testing\\FloginFE_BE\\frontend\\src\\components\\LoginForm\\LoginForm.jsx","statementMap":{"0":{"start":{"line":11,"column":18},"end":{"line":174,"column":1}},"1":{"start":{"line":12,"column":36},"end":{"line":12,"column":45}},"2":{"start":{"line":13,"column":19},"end":{"line":13,"column":32}},"3":{"start":{"line":15,"column":2},"end":{"line":21,"column":9}},"4":{"start":{"line":16,"column":4},"end":{"line":16,"column":13}},"5":{"start":{"line":17,"column":4},"end":{"line":17,"column":61}},"6":{"start":{"line":18,"column":4},"end":{"line":20,"column":6}},"7":{"start":{"line":19,"column":6},"end":{"line":19,"column":63}},"8":{"start":{"line":23,"column":34},"end":{"line":27,"column":4}},"9":{"start":{"line":29,"column":42},"end":{"line":29,"column":57}},"10":{"start":{"line":30,"column":28},"end":{"line":30,"column":40}},"11":{"start":{"line":31,"column":32},"end":{"line":31,"column":47}},"12":{"start":{"line":32,"column":30},"end":{"line":32,"column":42}},"13":{"start":{"line":34,"column":23},"end":{"line":41,"column":3}},"14":{"start":{"line":35,"column":43},"end":{"line":35,"column":51}},"15":{"start":{"line":36,"column":4},"end":{"line":39,"column":8}},"16":{"start":{"line":36,"column":27},"end":{"line":39,"column":5}},"17":{"start":{"line":40,"column":4},"end":{"line":40,"column":28}},"18":{"start":{"line":40,"column":15},"end":{"line":40,"column":28}},"19":{"start":{"line":43,"column":23},"end":{"line":65,"column":3}},"20":{"start":{"line":44,"column":4},"end":{"line":44,"column":23}},"21":{"start":{"line":45,"column":4},"end":{"line":64,"column":5}},"22":{"start":{"line":46,"column":6},"end":{"line":46,"column":23}},"23":{"start":{"line":47,"column":6},"end":{"line":63,"column":7}},"24":{"start":{"line":49,"column":25},"end":{"line":49,"column":74}},"25":{"start":{"line":51,"column":8},"end":{"line":57,"column":9}},"26":{"start":{"line":52,"column":10},"end":{"line":52,"column":56}},"27":{"start":{"line":53,"column":10},"end":{"line":53,"column":30}},"28":{"start":{"line":54,"column":10},"end":{"line":54,"column":32}},"29":{"start":{"line":56,"column":10},"end":{"line":56,"column":75}},"30":{"start":{"line":59,"column":8},"end":{"line":59,"column":50}},"31":{"start":{"line":60,"column":8},"end":{"line":60,"column":71}},"32":{"start":{"line":62,"column":8},"end":{"line":62,"column":26}},"33":{"start":{"line":67,"column":23},"end":{"line":75,"column":3}},"34":{"start":{"line":68,"column":22},"end":{"line":68,"column":24}},"35":{"start":{"line":69,"column":24},"end":{"line":69,"column":59}},"36":{"start":{"line":70,"column":24},"end":{"line":70,"column":59}},"37":{"start":{"line":71,"column":4},"end":{"line":71,"column":54}},"38":{"start":{"line":71,"column":21},"end":{"line":71,"column":54}},"39":{"start":{"line":72,"column":4},"end":{"line":72,"column":54}},"40":{"start":{"line":72,"column":21},"end":{"line":72,"column":54}},"41":{"start":{"line":73,"column":4},"end":{"line":73,"column":25}},"42":{"start":{"line":74,"column":4},"end":{"line":74,"column":47}},"43":{"start":{"line":77,"column":2},"end":{"line":173,"column":4}},"44":{"start":{"line":86,"column":14},"end":{"line":86,"column":33}},"45":{"start":{"line":87,"column":14},"end":{"line":87,"column":35}},"46":{"start":{"line":139,"column":31},"end":{"line":139,"column":61}}},"fnMap":{"0":{"name":"(anonymous_0)","decl":{"start":{"line":11,"column":18},"end":{"line":11,"column":19}},"loc":{"start":{"line":11,"column":46},"end":{"line":174,"column":1}},"line":11},"1":{"name":"(anonymous_1)","decl":{"start":{"line":15,"column":12},"end":{"line":15,"column":13}},"loc":{"start":{"line":15,"column":18},"end":{"line":21,"column":3}},"line":15},"2":{"name":"(anonymous_2)","decl":{"start":{"line":18,"column":24},"end":{"line":18,"column":25}},"loc":{"start":{"line":18,"column":30},"end":{"line":20,"column":5}},"line":18},"3":{"name":"(anonymous_3)","decl":{"start":{"line":34,"column":23},"end":{"line":34,"column":24}},"loc":{"start":{"line":34,"column":30},"end":{"line":41,"column":3}},"line":34},"4":{"name":"(anonymous_4)","decl":{"start":{"line":36,"column":16},"end":{"line":36,"column":17}},"loc":{"start":{"line":36,"column":27},"end":{"line":39,"column":5}},"line":36},"5":{"name":"(anonymous_5)","decl":{"start":{"line":43,"column":23},"end":{"line":43,"column":24}},"loc":{"start":{"line":43,"column":36},"end":{"line":65,"column":3}},"line":43},"6":{"name":"(anonymous_6)","decl":{"start":{"line":67,"column":23},"end":{"line":67,"column":24}},"loc":{"start":{"line":67,"column":29},"end":{"line":75,"column":3}},"line":67},"7":{"name":"(anonymous_7)","decl":{"start":{"line":85,"column":21},"end":{"line":85,"column":22}},"loc":{"start":{"line":85,"column":28},"end":{"line":88,"column":13}},"line":85},"8":{"name":"(anonymous_8)","decl":{"start":{"line":139,"column":25},"end":{"line":139,"column":26}},"loc":{"start":{"line":139,"column":31},"end":{"line":139,"column":61}},"line":139}},"branchMap":{"0":{"loc":{"start":{"line":38,"column":14},"end":{"line":38,"column":51}},"type":"cond-expr","locations":[{"start":{"line":38,"column":36},"end":{"line":38,"column":43}},{"start":{"line":38,"column":46},"end":{"line":38,"column":51}}],"line":38},"1":{"loc":{"start":{"line":40,"column":4},"end":{"line":40,"column":28}},"type":"if","locations":[{"start":{"line":40,"column":4},"end":{"line":40,"column":28}},{"start":{},"end":{}}],"line":40},"2":{"loc":{"start":{"line":45,"column":4},"end":{"line":64,"column":5}},"type":"if","locations":[{"start":{"line":45,"column":4},"end":{"line":64,"column":5}},{"start":{},"end":{}}],"line":45},"3":{"loc":{"start":{"line":51,"column":8},"end":{"line":57,"column":9}},"type":"if","locations":[{"start":{"line":51,"column":8},"end":{"line":57,"column":9}},{"start":{"line":55,"column":15},"end":{"line":57,"column":9}}],"line":51},"4":{"loc":{"start":{"line":71,"column":4},"end":{"line":71,"column":54}},"type":"if","locations":[{"start":{"line":71,"column":4},"end":{"line":71,"column":54}},{"start":{},"end":{}}],"line":71},"5":{"loc":{"start":{"line":72,"column":4},"end":{"line":72,"column":54}},"type":"if","locations":[{"start":{"line":72,"column":4},"end":{"line":72,"column":54}},{"start":{},"end":{}}],"line":72},"6":{"loc":{"start":{"line":94,"column":9},"end":{"line":111,"column":9}},"type":"binary-expr","locations":[{"start":{"line":94,"column":9},"end":{"line":94,"column":14}},{"start":{"line":95,"column":10},"end":{"line":110,"column":16}}],"line":94},"7":{"loc":{"start":{"line":123,"column":13},"end":{"line":123,"column":66}},"type":"binary-expr","locations":[{"start":{"line":123,"column":13},"end":{"line":123,"column":28}},{"start":{"line":123,"column":32},"end":{"line":123,"column":66}}],"line":123},"8":{"loc":{"start":{"line":129,"column":22},"end":{"line":129,"column":56}},"type":"cond-expr","locations":[{"start":{"line":129,"column":37},"end":{"line":129,"column":43}},{"start":{"line":129,"column":46},"end":{"line":129,"column":56}}],"line":129},"9":{"loc":{"start":{"line":142,"column":17},"end":{"line":155,"column":17}},"type":"cond-expr","locations":[{"start":{"line":143,"column":18},"end":{"line":148,"column":25}},{"start":{"line":150,"column":18},"end":{"line":154,"column":25}}],"line":142},"10":{"loc":{"start":{"line":158,"column":13},"end":{"line":158,"column":66}},"type":"binary-expr","locations":[{"start":{"line":158,"column":13},"end":{"line":158,"column":28}},{"start":{"line":158,"column":32},"end":{"line":158,"column":66}}],"line":158},"11":{"loc":{"start":{"line":168,"column":13},"end":{"line":168,"column":57}},"type":"cond-expr","locations":[{"start":{"line":168,"column":23},"end":{"line":168,"column":43}},{"start":{"line":168,"column":46},"end":{"line":168,"column":57}}],"line":168}},"s":{"0":0,"1":0,"2":0,"3":0,"4":0,"5":0,"6":0,"7":0,"8":0,"9":0,"10":0,"11":0,"12":0,"13":0,"14":0,"15":0,"16":0,"17":0,"18":0,"19":0,"20":0,"21":0,"22":0,"23":0,"24":0,"25":0,"26":0,"27":0,"28":0,"29":0,"30":0,"31":0,"32":0,"33":0,"34":0,"35":0,"36":0,"37":0,"38":0,"39":0,"40":0,"41":0,"42":0,"43":0,"44":0,"45":0,"46":0},"f":{"0":0,"1":0,"2":0,"3":0,"4":0,"5":0,"6":0,"7":0,"8":0},"b":{"0":[0,0],"1":[0,0],"2":[0,0],"3":[0,0],"4":[0,0],"5":[0,0],"6":[0,0],"7":[0,0],"8":[0,0],"9":[0,0],"10":[0,0],"11":[0,0]}}
,"D:\\software_enginneer\\year_3\\semester_1\\software testing\\FloginFE_BE\\frontend\\src\\components\\Logo\\Logo.jsx": {"path":"D:\\software_enginneer\\year_3\\semester_1\\software testing\\FloginFE_BE\\frontend\\src\\components\\Logo\\Logo.jsx","statementMap":{"0":{"start":{"line":4,"column":13},"end":{"line":68,"column":1}},"1":{"start":{"line":11,"column":18},"end":{"line":15,"column":3}},"2":{"start":{"line":17,"column":22},"end":{"line":17,"column":53}},"3":{"start":{"line":19,"column":2},"end":{"line":67,"column":3}}},"fnMap":{"0":{"name":"(anonymous_0)","decl":{"start":{"line":4,"column":13},"end":{"line":4,"column":14}},"loc":{"start":{"line":10,"column":6},"end":{"line":68,"column":1}},"line":10}},"branchMap":{"0":{"loc":{"start":{"line":5,"column":2},"end":{"line":5,"column":16}},"type":"default-arg","locations":[{"start":{"line":5,"column":9},"end":{"line":5,"column":16}}],"line":5},"1":{"loc":{"start":{"line":6,"column":2},"end":{"line":6,"column":31}},"type":"default-arg","locations":[{"start":{"line":6,"column":11},"end":{"line":6,"column":31}}],"line":6},"2":{"loc":{"start":{"line":7,"column":2},"end":{"line":7,"column":15}},"type":"default-arg","locations":[{"start":{"line":7,"column":11},"end":{"line":7,"column":15}}],"line":7},"3":{"loc":{"start":{"line":8,"column":2},"end":{"line":8,"column":17}},"type":"default-arg","locations":[{"start":{"line":8,"column":9},"end":{"line":8,"column":17}}],"line":8},"4":{"loc":{"start":{"line":9,"column":2},"end":{"line":9,"column":17}},"type":"default-arg","locations":[{"start":{"line":9,"column":10},"end":{"line":9,"column":17}}],"line":9},"5":{"loc":{"start":{"line":17,"column":22},"end":{"line":17,"column":53}},"type":"binary-expr","locations":[{"start":{"line":17,"column":22},"end":{"line":17,"column":35}},{"start":{"line":17,"column":39},"end":{"line":17,"column":53}}],"line":17},"6":{"loc":{"start":{"line":60,"column":7},"end":{"line":65,"column":7}},"type":"binary-expr","locations":[{"start":{"line":60,"column":7},"end":{"line":60,"column":13}},{"start":{"line":61,"column":8},"end":{"line":64,"column":14}}],"line":60}},"s":{"0":0,"1":0,"2":0,"3":0},"f":{"0":0},"b":{"0":[0],"1":[0],"2":[0],"3":[0],"4":[0],"5":[0,0],"6":[0,0]}}
,"D:\\software_enginneer\\year_3\\semester_1\\software testing\\FloginFE_BE\\frontend\\src\\components\\Message\\Message.jsx": {"path":"D:\\software_enginneer\\year_3\\semester_1\\software testing\\FloginFE_BE\\frontend\\src\\components\\Message\\Message.jsx","statementMap":{"0":{"start":{"line":4,"column":16},"end":{"line":7,"column":1}},"1":{"start":{"line":5,"column":2},"end":{"line":5,"column":25}},"2":{"start":{"line":5,"column":13},"end":{"line":5,"column":25}},"3":{"start":{"line":6,"column":2},"end":{"line":6,"column":59}}},"fnMap":{"0":{"name":"(anonymous_0)","decl":{"start":{"line":4,"column":16},"end":{"line":4,"column":17}},"loc":{"start":{"line":4,"column":46},"end":{"line":7,"column":1}},"line":4}},"branchMap":{"0":{"loc":{"start":{"line":4,"column":19},"end":{"line":4,"column":33}},"type":"default-arg","locations":[{"start":{"line":4,"column":26},"end":{"line":4,"column":33}}],"line":4},"1":{"loc":{"start":{"line":5,"column":2},"end":{"line":5,"column":25}},"type":"if","locations":[{"start":{"line":5,"column":2},"end":{"line":5,"column":25}},{"start":{},"end":{}}],"line":5}},"s":{"0":0,"1":0,"2":0,"3":0},"f":{"0":0},"b":{"0":[0],"1":[0,0]}}
,"D:\\software_enginneer\\year_3\\semester_1\\software testing\\FloginFE_BE\\frontend\\src\\components\\ProtectedRoute\\ProtectedRoute.jsx": {"path":"D:\\software_enginneer\\year_3\\semester_1\\software testing\\FloginFE_BE\\frontend\\src\\components\\ProtectedRoute\\ProtectedRoute.jsx","statementMap":{"0":{"start":{"line":9,"column":23},"end":{"line":51,"column":1}},"1":{"start":{"line":10,"column":34},"end":{"line":10,"column":43}},"2":{"start":{"line":11,"column":19},"end":{"line":11,"column":32}},"3":{"start":{"line":14,"column":2},"end":{"line":41,"column":3}},"4":{"start":{"line":15,"column":4},"end":{"line":40,"column":6}},"5":{"start":{"line":44,"column":2},"end":{"line":47,"column":3}},"6":{"start":{"line":46,"column":4},"end":{"line":46,"column":71}},"7":{"start":{"line":50,"column":2},"end":{"line":50,"column":18}}},"fnMap":{"0":{"name":"(anonymous_0)","decl":{"start":{"line":9,"column":23},"end":{"line":9,"column":24}},"loc":{"start":{"line":9,"column":41},"end":{"line":51,"column":1}},"line":9}},"branchMap":{"0":{"loc":{"start":{"line":14,"column":2},"end":{"line":41,"column":3}},"type":"if","locations":[{"start":{"line":14,"column":2},"end":{"line":41,"column":3}},{"start":{},"end":{}}],"line":14},"1":{"loc":{"start":{"line":44,"column":2},"end":{"line":47,"column":3}},"type":"if","locations":[{"start":{"line":44,"column":2},"end":{"line":47,"column":3}},{"start":{},"end":{}}],"line":44}},"s":{"0":0,"1":0,"2":0,"3":0,"4":0,"5":0,"6":0,"7":0},"f":{"0":0},"b":{"0":[0,0],"1":[0,0]}}
,"D:\\software_enginneer\\year_3\\semester_1\\software testing\\FloginFE_BE\\frontend\\src\\components\\RegisterForm\\RegisterForm.jsx": {"path":"D:\\software_enginneer\\year_3\\semester_1\\software testing\\FloginFE_BE\\frontend\\src\\components\\RegisterForm\\RegisterForm.jsx","statementMap":{"0":{"start":{"line":10,"column":21},"end":{"line":296,"column":1}},"1":{"start":{"line":11,"column":34},"end":{"line":18,"column":4}},"2":{"start":{"line":20,"column":42},"end":{"line":20,"column":57}},"3":{"start":{"line":21,"column":32},"end":{"line":21,"column":47}},"4":{"start":{"line":22,"column":30},"end":{"line":22,"column":42}},"5":{"start":{"line":23,"column":28},"end":{"line":23,"column":40}},"6":{"start":{"line":24,"column":14},"end":{"line":24,"column":27}},"7":{"start":{"line":26,"column":23},"end":{"line":32,"column":3}},"8":{"start":{"line":27,"column":43},"end":{"line":27,"column":51}},"9":{"start":{"line":28,"column":4},"end":{"line":31,"column":8}},"10":{"start":{"line":28,"column":27},"end":{"line":31,"column":5}},"11":{"start":{"line":34,"column":23},"end":{"line":52,"column":3}},"12":{"start":{"line":35,"column":22},"end":{"line":35,"column":24}},"13":{"start":{"line":36,"column":24},"end":{"line":36,"column":59}},"14":{"start":{"line":37,"column":24},"end":{"line":37,"column":59}},"15":{"start":{"line":39,"column":4},"end":{"line":39,"column":77}},"16":{"start":{"line":39,"column":36},"end":{"line":39,"column":77}},"17":{"start":{"line":40,"column":4},"end":{"line":40,"column":76}},"18":{"start":{"line":40,"column":35},"end":{"line":40,"column":76}},"19":{"start":{"line":41,"column":4},"end":{"line":41,"column":54}},"20":{"start":{"line":41,"column":21},"end":{"line":41,"column":54}},"21":{"start":{"line":42,"column":4},"end":{"line":42,"column":54}},"22":{"start":{"line":42,"column":21},"end":{"line":42,"column":54}},"23":{"start":{"line":43,"column":4},"end":{"line":46,"column":60}},"24":{"start":{"line":44,"column":6},"end":{"line":44,"column":58}},"25":{"start":{"line":45,"column":9},"end":{"line":46,"column":60}},"26":{"start":{"line":46,"column":6},"end":{"line":46,"column":60}},"27":{"start":{"line":47,"column":4},"end":{"line":48,"column":64}},"28":{"start":{"line":48,"column":6},"end":{"line":48,"column":64}},"29":{"start":{"line":50,"column":4},"end":{"line":50,"column":25}},"30":{"start":{"line":51,"column":4},"end":{"line":51,"column":47}},"31":{"start":{"line":54,"column":23},"end":{"line":75,"column":3}},"32":{"start":{"line":55,"column":4},"end":{"line":55,"column":23}},"33":{"start":{"line":57,"column":4},"end":{"line":74,"column":5}},"34":{"start":{"line":58,"column":6},"end":{"line":58,"column":23}},"35":{"start":{"line":60,"column":6},"end":{"line":73,"column":7}},"36":{"start":{"line":61,"column":21},"end":{"line":66,"column":9}},"37":{"start":{"line":67,"column":8},"end":{"line":67,"column":22}},"38":{"start":{"line":69,"column":8},"end":{"line":69,"column":47}},"39":{"start":{"line":70,"column":8},"end":{"line":70,"column":45}},"40":{"start":{"line":72,"column":8},"end":{"line":72,"column":26}},"41":{"start":{"line":77,"column":2},"end":{"line":295,"column":4}},"42":{"start":{"line":86,"column":14},"end":{"line":86,"column":33}},"43":{"start":{"line":87,"column":14},"end":{"line":87,"column":32}},"44":{"start":{"line":164,"column":31},"end":{"line":164,"column":61}},"45":{"start":{"line":225,"column":31},"end":{"line":225,"column":61}}},"fnMap":{"0":{"name":"(anonymous_0)","decl":{"start":{"line":10,"column":21},"end":{"line":10,"column":22}},"loc":{"start":{"line":10,"column":46},"end":{"line":296,"column":1}},"line":10},"1":{"name":"(anonymous_1)","decl":{"start":{"line":26,"column":23},"end":{"line":26,"column":24}},"loc":{"start":{"line":26,"column":30},"end":{"line":32,"column":3}},"line":26},"2":{"name":"(anonymous_2)","decl":{"start":{"line":28,"column":16},"end":{"line":28,"column":17}},"loc":{"start":{"line":28,"column":27},"end":{"line":31,"column":5}},"line":28},"3":{"name":"(anonymous_3)","decl":{"start":{"line":34,"column":23},"end":{"line":34,"column":24}},"loc":{"start":{"line":34,"column":29},"end":{"line":52,"column":3}},"line":34},"4":{"name":"(anonymous_4)","decl":{"start":{"line":54,"column":23},"end":{"line":54,"column":24}},"loc":{"start":{"line":54,"column":36},"end":{"line":75,"column":3}},"line":54},"5":{"name":"(anonymous_5)","decl":{"start":{"line":85,"column":21},"end":{"line":85,"column":22}},"loc":{"start":{"line":85,"column":28},"end":{"line":88,"column":13}},"line":85},"6":{"name":"(anonymous_6)","decl":{"start":{"line":164,"column":25},"end":{"line":164,"column":26}},"loc":{"start":{"line":164,"column":31},"end":{"line":164,"column":61}},"line":164},"7":{"name":"(anonymous_7)","decl":{"start":{"line":225,"column":25},"end":{"line":225,"column":26}},"loc":{"start":{"line":225,"column":31},"end":{"line":225,"column":61}},"line":225}},"branchMap":{"0":{"loc":{"start":{"line":30,"column":14},"end":{"line":30,"column":51}},"type":"cond-expr","locations":[{"start":{"line":30,"column":36},"end":{"line":30,"column":43}},{"start":{"line":30,"column":46},"end":{"line":30,"column":51}}],"line":30},"1":{"loc":{"start":{"line":39,"column":4},"end":{"line":39,"column":77}},"type":"if","locations":[{"start":{"line":39,"column":4},"end":{"line":39,"column":77}},{"start":{},"end":{}}],"line":39},"2":{"loc":{"start":{"line":40,"column":4},"end":{"line":40,"column":76}},"type":"if","locations":[{"start":{"line":40,"column":4},"end":{"line":40,"column":76}},{"start":{},"end":{}}],"line":40},"3":{"loc":{"start":{"line":41,"column":4},"end":{"line":41,"column":54}},"type":"if","locations":[{"start":{"line":41,"column":4},"end":{"line":41,"column":54}},{"start":{},"end":{}}],"line":41},"4":{"loc":{"start":{"line":42,"column":4},"end":{"line":42,"column":54}},"type":"if","locations":[{"start":{"line":42,"column":4},"end":{"line":42,"column":54}},{"start":{},"end":{}}],"line":42},"5":{"loc":{"start":{"line":43,"column":4},"end":{"line":46,"column":60}},"type":"if","locations":[{"start":{"line":43,"column":4},"end":{"line":46,"column":60}},{"start":{"line":45,"column":9},"end":{"line":46,"column":60}}],"line":43},"6":{"loc":{"start":{"line":45,"column":9},"end":{"line":46,"column":60}},"type":"if","locations":[{"start":{"line":45,"column":9},"end":{"line":46,"column":60}},{"start":{},"end":{}}],"line":45},"7":{"loc":{"start":{"line":47,"column":4},"end":{"line":48,"column":64}},"type":"if","locations":[{"start":{"line":47,"column":4},"end":{"line":48,"column":64}},{"start":{},"end":{}}],"line":47},"8":{"loc":{"start":{"line":57,"column":4},"end":{"line":74,"column":5}},"type":"if","locations":[{"start":{"line":57,"column":4},"end":{"line":74,"column":5}},{"start":{},"end":{}}],"line":57},"9":{"loc":{"start":{"line":94,"column":9},"end":{"line":111,"column":9}},"type":"binary-expr","locations":[{"start":{"line":94,"column":9},"end":{"line":94,"column":14}},{"start":{"line":95,"column":10},"end":{"line":110,"column":16}}],"line":94},"10":{"loc":{"start":{"line":124,"column":15},"end":{"line":124,"column":70}},"type":"binary-expr","locations":[{"start":{"line":124,"column":15},"end":{"line":124,"column":31}},{"start":{"line":124,"column":35},"end":{"line":124,"column":70}}],"line":124},"11":{"loc":{"start":{"line":135,"column":15},"end":{"line":135,"column":68}},"type":"binary-expr","locations":[{"start":{"line":135,"column":15},"end":{"line":135,"column":30}},{"start":{"line":135,"column":34},"end":{"line":135,"column":68}}],"line":135},"12":{"loc":{"start":{"line":148,"column":13},"end":{"line":148,"column":66}},"type":"binary-expr","locations":[{"start":{"line":148,"column":13},"end":{"line":148,"column":28}},{"start":{"line":148,"column":32},"end":{"line":148,"column":66}}],"line":148},"13":{"loc":{"start":{"line":154,"column":22},"end":{"line":154,"column":56}},"type":"cond-expr","locations":[{"start":{"line":154,"column":37},"end":{"line":154,"column":43}},{"start":{"line":154,"column":46},"end":{"line":154,"column":56}}],"line":154},"14":{"loc":{"start":{"line":167,"column":17},"end":{"line":206,"column":17}},"type":"cond-expr","locations":[{"start":{"line":168,"column":18},"end":{"line":188,"column":25}},{"start":{"line":190,"column":18},"end":{"line":205,"column":25}}],"line":167},"15":{"loc":{"start":{"line":209,"column":13},"end":{"line":209,"column":66}},"type":"binary-expr","locations":[{"start":{"line":209,"column":13},"end":{"line":209,"column":28}},{"start":{"line":209,"column":32},"end":{"line":209,"column":66}}],"line":209},"16":{"loc":{"start":{"line":215,"column":22},"end":{"line":215,"column":56}},"type":"cond-expr","locations":[{"start":{"line":215,"column":37},"end":{"line":215,"column":43}},{"start":{"line":215,"column":46},"end":{"line":215,"column":56}}],"line":215},"17":{"loc":{"start":{"line":228,"column":17},"end":{"line":267,"column":17}},"type":"cond-expr","locations":[{"start":{"line":229,"column":18},"end":{"line":249,"column":25}},{"start":{"line":251,"column":18},"end":{"line":266,"column":25}}],"line":228},"18":{"loc":{"start":{"line":270,"column":13},"end":{"line":270,"column":70}},"type":"binary-expr","locations":[{"start":{"line":270,"column":13},"end":{"line":270,"column":30}},{"start":{"line":270,"column":34},"end":{"line":270,"column":70}}],"line":270},"19":{"loc":{"start":{"line":286,"column":13},"end":{"line":286,"column":74}},"type":"binary-expr","locations":[{"start":{"line":286,"column":13},"end":{"line":286,"column":32}},{"start":{"line":286,"column":36},"end":{"line":286,"column":74}}],"line":286},"20":{"loc":{"start":{"line":290,"column":13},"end":{"line":290,"column":52}},"type":"cond-expr","locations":[{"start":{"line":290,"column":23},"end":{"line":290,"column":40}},{"start":{"line":290,"column":43},"end":{"line":290,"column":52}}],"line":290}},"s":{"0":0,"1":0,"2":0,"3":0,"4":0,"5":0,"6":0,"7":0,"8":0,"9":0,"10":0,"11":0,"12":0,"13":0,"14":0,"15":0,"16":0,"17":0,"18":0,"19":0,"20":0,"21":0,"22":0,"23":0,"24":0,"25":0,"26":0,"27":0,"28":0,"29":0,"30":0,"31":0,"32":0,"33":0,"34":0,"35":0,"36":0,"37":0,"38":0,"39":0,"40":0,"41":0,"42":0,"43":0,"44":0,"45":0},"f":{"0":0,"1":0,"2":0,"3":0,"4":0,"5":0,"6":0,"7":0},"b":{"0":[0,0],"1":[0,0],"2":[0,0],"3":[0,0],"4":[0,0],"5":[0,0],"6":[0,0],"7":[0,0],"8":[0,0],"9":[0,0],"10":[0,0],"11":[0,0],"12":[0,0],"13":[0,0],"14":[0,0],"15":[0,0],"16":[0,0],"17":[0,0],"18":[0,0],"19":[0,0],"20":[0,0]}}
,"D:\\software_enginneer\\year_3\\semester_1\\software testing\\FloginFE_BE\\frontend\\src\\components\\SearchPanel\\SearchPanel.jsx": {"path":"D:\\software_enginneer\\year_3\\semester_1\\software testing\\FloginFE_BE\\frontend\\src\\components\\SearchPanel\\SearchPanel.jsx","statementMap":{"0":{"start":{"line":12,"column":4},"end":{"line":29,"column":5}},"1":{"start":{"line":32,"column":0},"end":{"line":38,"column":2}}},"fnMap":{"0":{"name":"SearchPanel","decl":{"start":{"line":5,"column":24},"end":{"line":5,"column":35}},"loc":{"start":{"line":11,"column":3},"end":{"line":30,"column":1}},"line":11}},"branchMap":{"0":{"loc":{"start":{"line":6,"column":2},"end":{"line":6,"column":23}},"type":"default-arg","locations":[{"start":{"line":6,"column":19},"end":{"line":6,"column":23}}],"line":6},"1":{"loc":{"start":{"line":7,"column":2},"end":{"line":7,"column":38}},"type":"default-arg","locations":[{"start":{"line":7,"column":16},"end":{"line":7,"column":38}}],"line":7},"2":{"loc":{"start":{"line":13,"column":40},"end":{"line":13,"column":69}},"type":"cond-expr","locations":[{"start":{"line":13,"column":52},"end":{"line":13,"column":64}},{"start":{"line":13,"column":67},"end":{"line":13,"column":69}}],"line":13},"3":{"loc":{"start":{"line":24,"column":23},"end":{"line":24,"column":81}},"type":"cond-expr","locations":[{"start":{"line":24,"column":34},"end":{"line":24,"column":57}},{"start":{"line":24,"column":60},"end":{"line":24,"column":81}}],"line":24},"4":{"loc":{"start":{"line":27,"column":13},"end":{"line":27,"column":82}},"type":"binary-expr","locations":[{"start":{"line":27,"column":13},"end":{"line":27,"column":27}},{"start":{"line":27,"column":31},"end":{"line":27,"column":82}}],"line":27}},"s":{"0":16,"1":1},"f":{"0":16},"b":{"0":[0],"1":[0],"2":[16,0],"3":[16,0],"4":[16,0]},"_coverageSchema":"1a1c01bbd47fc00a2c39e90264f33305004495a9","hash":"2ec530aef02e8b683a2db7103cac05a26d81b58a"}
,"D:\\software_enginneer\\year_3\\semester_1\\software testing\\FloginFE_BE\\frontend\\src\\components\\Sidebar\\Sidebar.jsx": {"path":"D:\\software_enginneer\\year_3\\semester_1\\software testing\\FloginFE_BE\\frontend\\src\\components\\Sidebar\\Sidebar.jsx","statementMap":{"0":{"start":{"line":11,"column":16},"end":{"line":255,"column":1}},"1":{"start":{"line":12,"column":19},"end":{"line":12,"column":32}},"2":{"start":{"line":13,"column":19},"end":{"line":13,"column":32}},"3":{"start":{"line":14,"column":26},"end":{"line":14,"column":35}},"4":{"start":{"line":17,"column":24},"end":{"line":24,"column":3}},"5":{"start":{"line":18,"column":17},"end":{"line":18,"column":34}},"6":{"start":{"line":19,"column":4},"end":{"line":19,"column":48}},"7":{"start":{"line":19,"column":30},"end":{"line":19,"column":48}},"8":{"start":{"line":20,"column":4},"end":{"line":20,"column":52}},"9":{"start":{"line":20,"column":32},"end":{"line":20,"column":52}},"10":{"start":{"line":21,"column":4},"end":{"line":21,"column":47}},"11":{"start":{"line":21,"column":29},"end":{"line":21,"column":47}},"12":{"start":{"line":22,"column":4},"end":{"line":22,"column":44}},"13":{"start":{"line":22,"column":26},"end":{"line":22,"column":44}},"14":{"start":{"line":23,"column":4},"end":{"line":23,"column":22}},"15":{"start":{"line":26,"column":21},"end":{"line":26,"column":36}},"16":{"start":{"line":27,"column":44},"end":{"line":33,"column":4}},"17":{"start":{"line":34,"column":48},"end":{"line":34,"column":63}},"18":{"start":{"line":36,"column":21},"end":{"line":41,"column":3}},"19":{"start":{"line":37,"column":4},"end":{"line":40,"column":8}},"20":{"start":{"line":37,"column":30},"end":{"line":40,"column":5}},"21":{"start":{"line":43,"column":20},"end":{"line":113,"column":3}},"22":{"start":{"line":116,"column":28},"end":{"line":118,"column":3}},"23":{"start":{"line":117,"column":4},"end":{"line":117,"column":29}},"24":{"start":{"line":120,"column":24},"end":{"line":123,"column":3}},"25":{"start":{"line":121,"column":4},"end":{"line":121,"column":23}},"26":{"start":{"line":122,"column":4},"end":{"line":122,"column":24}},"27":{"start":{"line":125,"column":23},"end":{"line":127,"column":3}},"28":{"start":{"line":126,"column":4},"end":{"line":126,"column":30}},"29":{"start":{"line":129,"column":2},"end":{"line":254,"column":4}},"30":{"start":{"line":144,"column":12},"end":{"line":187,"column":18}},"31":{"start":{"line":147,"column":16},"end":{"line":185,"column":22}},"32":{"start":{"line":150,"column":22},"end":{"line":152,"column":23}},"33":{"start":{"line":151,"column":24},"end":{"line":151,"column":44}},"34":{"start":{"line":153,"column":22},"end":{"line":154,"column":43}},"35":{"start":{"line":154,"column":24},"end":{"line":154,"column":43}},"36":{"start":{"line":176,"column":24},"end":{"line":181,"column":30}},"37":{"start":{"line":177,"column":41},"end":{"line":177,"column":63}},"38":{"start":{"line":229,"column":56},"end":{"line":229,"column":75}}},"fnMap":{"0":{"name":"(anonymous_0)","decl":{"start":{"line":11,"column":16},"end":{"line":11,"column":17}},"loc":{"start":{"line":11,"column":22},"end":{"line":255,"column":1}},"line":11},"1":{"name":"(anonymous_1)","decl":{"start":{"line":17,"column":24},"end":{"line":17,"column":25}},"loc":{"start":{"line":17,"column":30},"end":{"line":24,"column":3}},"line":17},"2":{"name":"(anonymous_2)","decl":{"start":{"line":36,"column":21},"end":{"line":36,"column":22}},"loc":{"start":{"line":36,"column":31},"end":{"line":41,"column":3}},"line":36},"3":{"name":"(anonymous_3)","decl":{"start":{"line":37,"column":21},"end":{"line":37,"column":22}},"loc":{"start":{"line":37,"column":30},"end":{"line":40,"column":5}},"line":37},"4":{"name":"(anonymous_4)","decl":{"start":{"line":116,"column":28},"end":{"line":116,"column":29}},"loc":{"start":{"line":116,"column":34},"end":{"line":118,"column":3}},"line":116},"5":{"name":"(anonymous_5)","decl":{"start":{"line":120,"column":24},"end":{"line":120,"column":25}},"loc":{"start":{"line":120,"column":36},"end":{"line":123,"column":3}},"line":120},"6":{"name":"(anonymous_6)","decl":{"start":{"line":125,"column":23},"end":{"line":125,"column":24}},"loc":{"start":{"line":125,"column":29},"end":{"line":127,"column":3}},"line":125},"7":{"name":"(anonymous_7)","decl":{"start":{"line":143,"column":24},"end":{"line":143,"column":25}},"loc":{"start":{"line":144,"column":12},"end":{"line":187,"column":18}},"line":144},"8":{"name":"(anonymous_8)","decl":{"start":{"line":146,"column":33},"end":{"line":146,"column":34}},"loc":{"start":{"line":147,"column":16},"end":{"line":185,"column":22}},"line":147},"9":{"name":"(anonymous_9)","decl":{"start":{"line":149,"column":29},"end":{"line":149,"column":30}},"loc":{"start":{"line":149,"column":35},"end":{"line":155,"column":21}},"line":149},"10":{"name":"(anonymous_10)","decl":{"start":{"line":175,"column":41},"end":{"line":175,"column":42}},"loc":{"start":{"line":176,"column":24},"end":{"line":181,"column":30}},"line":176},"11":{"name":"(anonymous_11)","decl":{"start":{"line":177,"column":35},"end":{"line":177,"column":36}},"loc":{"start":{"line":177,"column":41},"end":{"line":177,"column":63}},"line":177},"12":{"name":"(anonymous_12)","decl":{"start":{"line":229,"column":49},"end":{"line":229,"column":50}},"loc":{"start":{"line":229,"column":56},"end":{"line":229,"column":75}},"line":229}},"branchMap":{"0":{"loc":{"start":{"line":19,"column":4},"en
[...]
,"D:\\software_enginneer\\year_3\\semester_1\\software testing\\FloginFE_BE\\frontend\\src\\utils\\formatters.js": {"path":"D:\\software_enginneer\\year_3\\semester_1\\software testing\\FloginFE_BE\\frontend\\src\\utils\\formatters.js","statementMap":{"0":{"start":{"line":6,"column":30},"end":{"line":12,"column":1}},"1":{"start":{"line":7,"column":2},"end":{"line":7,"column":58}},"2":{"start":{"line":7,"column":45},"end":{"line":7,"column":58}},"3":{"start":{"line":8,"column":2},"end":{"line":11,"column":19}},"4":{"start":{"line":19,"column":28},"end":{"line":22,"column":1}},"5":{"start":{"line":20,"column":2},"end":{"line":20,"column":56}},"6":{"start":{"line":20,"column":45},"end":{"line":20,"column":56}},"7":{"start":{"line":21,"column":2},"end":{"line":21,"column":54}},"8":{"start":{"line":29,"column":26},"end":{"line":39,"column":1}},"9":{"start":{"line":30,"column":2},"end":{"line":30,"column":23}},"10":{"start":{"line":30,"column":13},"end":{"line":30,"column":23}},"11":{"start":{"line":31,"column":12},"end":{"line":31,"column":26}},"12":{"start":{"line":32,"column":2},"end":{"line":38,"column":15}},"13":{"start":{"line":47,"column":28},"end":{"line":50,"column":1}},"14":{"start":{"line":48,"column":2},"end":{"line":48,"column":53}},"15":{"start":{"line":48,"column":41},"end":{"line":48,"column":53}},"16":{"start":{"line":49,"column":2},"end":{"line":49,"column":46}},"17":{"start":{"line":57,"column":28},"end":{"line":66,"column":1}},"18":{"start":{"line":58,"column":2},"end":{"line":65,"column":4}},"19":{"start":{"line":73,"column":28},"end":{"line":82,"column":1}},"20":{"start":{"line":74,"column":2},"end":{"line":81,"column":4}}},"fnMap":{"0":{"name":"(anonymous_0)","decl":{"start":{"line":6,"column":30},"end":{"line":6,"column":31}},"loc":{"start":{"line":6,"column":41},"end":{"line":12,"column":1}},"line":6},"1":{"name":"(anonymous_1)","decl":{"start":{"line":19,"column":28},"end":{"line":19,"column":29}},"loc":{"start":{"line":19,"column":39},"end":{"line":22,"column":1}},"line":19},"2":{"name":"(anonymous_2)","decl":{"start":{"line":29,"column":26},"end":{"line":29,"column":27}},"loc":{"start":{"line":29,"column":36},"end":{"line":39,"column":1}},"line":29},"3":{"name":"(anonymous_3)","decl":{"start":{"line":47,"column":28},"end":{"line":47,"column":29}},"loc":{"start":{"line":47,"column":55},"end":{"line":50,"column":1}},"line":47},"4":{"name":"(anonymous_4)","decl":{"start":{"line":57,"column":28},"end":{"line":57,"column":29}},"loc":{"start":{"line":57,"column":41},"end":{"line":66,"column":1}},"line":57},"5":{"name":"(anonymous_5)","decl":{"start":{"line":73,"column":28},"end":{"line":73,"column":29}},"loc":{"start":{"line":73,"column":37},"end":{"line":82,"column":1}},"line":73}},"branchMap":{"0":{"loc":{"start":{"line":7,"column":2},"end":{"line":7,"column":58}},"type":"if","locations":[{"start":{"line":7,"column":2},"end":{"line":7,"column":58}},{"start":{},"end":{}}],"line":7},"1":{"loc":{"start":{"line":7,"column":6},"end":{"line":7,"column":43}},"type":"binary-expr","locations":[{"start":{"line":7,"column":6},"end":{"line":7,"column":20}},{"start":{"line":7,"column":24},"end":{"line":7,"column":43}}],"line":7},"2":{"loc":{"start":{"line":20,"column":2},"end":{"line":20,"column":56}},"type":"if","locations":[{"start":{"line":20,"column":2},"end":{"line":20,"column":56}},{"start":{},"end":{}}],"line":20},"3":{"loc":{"start":{"line":20,"column":6},"end":{"line":20,"column":43}},"type":"binary-expr","locations":[{"start":{"line":20,"column":6},"end":{"line":20,"column":20}},{"start":{"line":20,"column":24},"end":{"line":20,"column":43}}],"line":20},"4":{"loc":{"start":{"line":30,"column":2},"end":{"line":30,"column":23}},"type":"if","locations":[{"start":{"line":30,"column":2},"end":{"line":30,"column":23}},{"start":{},"end":{}}],"line":30},"5":{"loc":{"start":{"line":47,"column":35},"end":{"line":47,"column":50}},"type":"default-arg","locations":[{"start":{"line":47,"column":47},"end":{"line":47,"column":50}}],"line":47},"6":{"loc":{"start":{"line":48,"column":2},"end":{"line":48,"column":53}},"type":"if","locations":[{"start":{"line":48,"column":2},"end":{"line":48,"column":53}},{"start":{},"end":{}}],"line":48},"7":{"loc":{"start":{"line":48,"column":6},"end":{"line":48,"column":39}},"type":"binary-expr","locations":[{"start":{"line":48,"column":6},"end":{"line":48,"column":11}},{"start":{"line":48,"column":15},"end":{"line":48,"column":39}}],"line":48}},"s":{"0":1,"1":0,"2":0,"3":0,"4":1,"5":0,"6":0,"7":0,"8":1,"9":0,"10":0,"11":0,"12":0,"13":1,"14":0,"15":0,"16":0,"17":1,"18":8,"19":1,"20":0},"f":{"0":0,"1":0,"2":0,"3":0,"4":8,"5":0},"b":{"0":[0,0],"1":[0,0],"2":[0,0],"3":[0,0],"4":[0,0],"5":[0],"6":[0,0],"7":[0,0]},"_coverageSchema":"1a1c01bbd47fc00a2c39e90264f33305004495a9","hash":"9a1ae4d587bdb33a939175c1fb035a74ada891e8"}
,"D:\\software_enginneer\\year_3\\semester_1\\software testing\\FloginFE_BE\\frontend\\src\\utils\\validateLogin.js": {"path":"D:\\software_enginneer\\year_3\\semester_1\\software testing\\FloginFE_BE\\frontend\\src\\utils\\validateLogin.js","statementMap":{"0":{"start":{"line":4,"column":32},"end":{"line":21,"column":1}},"1":{"start":{"line":5,"column":2},"end":{"line":7,"column":3}},"2":{"start":{"line":6,"column":4},"end":{"line":6,"column":36}},"3":{"start":{"line":9,"column":18},"end":{"line":9,"column":33}},"4":{"start":{"line":10,"column":16},"end":{"line":10,"column":40}},"5":{"start":{"line":12,"column":2},"end":{"line":14,"column":3}},"6":{"start":{"line":13,"column":4},"end":{"line":13,"column":41}},"7":{"start":{"line":16,"column":2},"end":{"line":18,"column":3}},"8":{"start":{"line":17,"column":4},"end":{"line":17,"column":56}},"9":{"start":{"line":20,"column":2},"end":{"line":20,"column":14}},"10":{"start":{"line":23,"column":32},"end":{"line":51,"column":1}},"11":{"start":{"line":24,"column":2},"end":{"line":26,"column":3}},"12":{"start":{"line":25,"column":4},"end":{"line":25,"column":36}},"13":{"start":{"line":28,"column":18},"end":{"line":28,"column":33}},"14":{"start":{"line":29,"column":20},"end":{"line":29,"column":44}},"15":{"start":{"line":30,"column":20},"end":{"line":30,"column":38}},"16":{"start":{"line":31,"column":24},"end":{"line":31,"column":42}},"17":{"start":{"line":32,"column":21},"end":{"line":32,"column":70}},"18":{"start":{"line":32,"column":47},"end":{"line":32,"column":69}},"19":{"start":{"line":34,"column":2},"end":{"line":36,"column":3}},"20":{"start":{"line":35,"column":4},"end":{"line":35,"column":42}},"21":{"start":{"line":38,"column":2},"end":{"line":40,"column":3}},"22":{"start":{"line":39,"column":4},"end":{"line":39,"column":60}},"23":{"start":{"line":42,"column":2},"end":{"line":44,"column":3}},"24":{"start":{"line":43,"column":4},"end":{"line":43,"column":51}},"25":{"start":{"line":46,"column":2},"end":{"line":48,"column":3}},"26":{"start":{"line":47,"column":4},"end":{"line":47,"column":60}},"27":{"start":{"line":50,"column":2},"end":{"line":50,"column":14}}},"fnMap":{"0":{"name":"(anonymous_0)","decl":{"start":{"line":4,"column":32},"end":{"line":4,"column":33}},"loc":{"start":{"line":4,"column":46},"end":{"line":21,"column":1}},"line":4},"1":{"name":"(anonymous_1)","decl":{"start":{"line":23,"column":32},"end":{"line":23,"column":33}},"loc":{"start":{"line":23,"column":46},"end":{"line":51,"column":1}},"line":23},"2":{"name":"(anonymous_2)","decl":{"start":{"line":32,"column":39},"end":{"line":32,"column":40}},"loc":{"start":{"line":32,"column":47},"end":{"line":32,"column":69}},"line":32}},"branchMap":{"0":{"loc":{"start":{"line":5,"column":2},"end":{"line":7,"column":3}},"type":"if","locations":[{"start":{"line":5,"column":2},"end":{"line":7,"column":3}},{"start":{},"end":{}}],"line":5},"1":{"loc":{"start":{"line":5,"column":6},"end":{"line":5,"column":41}},"type":"binary-expr","locations":[{"start":{"line":5,"column":6},"end":{"line":5,"column":15}},{"start":{"line":5,"column":19},"end":{"line":5,"column":41}}],"line":5},"2":{"loc":{"start":{"line":12,"column":2},"end":{"line":14,"column":3}},"type":"if","locations":[{"start":{"line":12,"column":2},"end":{"line":14,"column":3}},{"start":{},"end":{}}],"line":12},"3":{"loc":{"start":{"line":12,"column":6},"end":{"line":12,"column":47}},"type":"binary-expr","locations":[{"start":{"line":12,"column":6},"end":{"line":12,"column":24}},{"start":{"line":12,"column":28},"end":{"line":12,"column":47}}],"line":12},"4":{"loc":{"start":{"line":16,"column":2},"end":{"line":18,"column":3}},"type":"if","locations":[{"start":{"line":16,"column":2},"end":{"line":18,"column":3}},{"start":{},"end":{}}],"line":16},"5":{"loc":{"start":{"line":24,"column":2},"end":{"line":26,"column":3}},"type":"if","locations":[{"start":{"line":24,"column":2},"end":{"line":26,"column":3}},{"start":{},"end":{}}],"line":24},"6":{"loc":{"start":{"line":24,"column":6},"end":{"line":24,"column":41}},"type":"binary-expr","locations":[{"start":{"line":24,"column":6},"end":{"line":24,"column":15}},{"start":{"line":24,"column":19},"end":{"line":24,"column":41}}],"line":24},"7":{"loc":{"start":{"line":34,"column":2},"end":{"line":36,"column":3}},"type":"if","locations":[{"start":{"line":34,"column":2},"end":{"line":36,"column":3}},{"start":{},"end":{}}],"line":34},"8":{"loc":{"start":{"line":34,"column":6},"end":{"line":34,"column":48}},"type":"binary-expr","locations":[{"start":{"line":34,"column":6},"end":{"line":34,"column":24}},{"start":{"line":34,"column":28},"end":{"line":34,"column":48}}],"line":34},"9":{"loc":{"start":{"line":38,"column":2},"end":{"line":40,"column":3}},"type":"if","locations":[{"start":{"line":38,"column":2},"end":{"line":40,"column":3}},{"start":{},"end":{}}],"line":38},"10":{"loc":{"start":{"line":38,"column":6},"end":{"line":38,"column":30}},"type":"binary-expr","locations":[{"start":{"line":38,"column":6},"end":{"line":38,"column":16}},{"start":{"line":38,"column":20},"end":{"line":38,"column":30}}],"line":38},"11":{"loc":{"start":{"line":42,"column":2},"end":{"line":44,"column":3}},"type":"if","locations":[{"start":{"line":42,"column":2},"end":{"line":44,"column":3}},{"start":{},"end":{}}],"line":42},"12":{"loc":{"start":{"line":46,"column":2},"end":{"line":48,"column":3}},"type":"if","locations":[{"start":{"line":46,"column":2},"end":{"line":48,"column":3}},{"start":{},"end":{}}],"line":46}},"s":{"0":0,"1":0,"2":0,"3":0,"4":0,"5":0,"6":0,"7":0,"8":0,"9":0,"10":0,"11":0,"12":0,"13":0,"14":0,"15":0,"16":0,"17":0,"18":0,"19":0,"20":0,"21":0,"22":0,"23":0,"24":0,"25":0,"26":0,"27":0},"f":{"0":0,"1":0,"2":0},"b":{"0":[0,0],"1":[0,0],"2":[0,0],"3":[0,0],"4":[0,0],"5":[0,0],"6":[0,0],"7":[0,0],"8":[0,0],"9":[0,0],"10":[0,0],"11":[0,0],"12":[0,0]}}
,"D:\\software_enginneer\\year_3\\semester_1\\software testing\\FloginFE_BE\\frontend\\src\\utils\\validateProduct.js": {"path":"D:\\software_enginneer\\year_3\\semester_1\\software testing\\FloginFE_BE\\frontend\\src\\utils\\validateProduct.js","statementMap":{"0":{"start":{"line":6,"column":35},"end":{"line":18,"column":1}},"1":{"start":{"line":7,"column":2},"end":{"line":9,"column":3}},"2":{"start":{"line":8,"column":4},"end":{"line":8,"column":40}},"3":{"start":{"line":11,"column":18},"end":{"line":11,"column":29}},"4":{"start":{"line":13,"column":2},"end":{"line":15,"column":3}},"5":{"start":{"line":14,"column":4},"end":{"line":14,"column":46}},"6":{"start":{"line":17,"column":2},"end":{"line":17,"column":14}},"7":{"start":{"line":21,"column":29},"end":{"line":41,"column":1}},"8":{"start":{"line":22,"column":2},"end":{"line":24,"column":3}},"9":{"start":{"line":23,"column":4},"end":{"line":23,"column":40}},"10":{"start":{"line":26,"column":14},"end":{"line":26,"column":27}},"11":{"start":{"line":28,"column":2},"end":{"line":30,"column":3}},"12":{"start":{"line":29,"column":4},"end":{"line":29,"column":37}},"13":{"start":{"line":32,"column":2},"end":{"line":34,"column":3}},"14":{"start":{"line":33,"column":4},"end":{"line":33,"column":41}},"15":{"start":{"line":36,"column":2},"end":{"line":38,"column":3}},"16":{"start":{"line":37,"column":4},"end":{"line":37,"column":58}},"17":{"start":{"line":40,"column":2},"end":{"line":40,"column":14}},"18":{"start":{"line":44,"column":32},"end":{"line":64,"column":1}},"19":{"start":{"line":45,"column":2},"end":{"line":47,"column":3}},"20":{"start":{"line":46,"column":4},"end":{"line":46,"column":36}},"21":{"start":{"line":49,"column":14},"end":{"line":49,"column":30}},"22":{"start":{"line":51,"column":2},"end":{"line":53,"column":3}},"23":{"start":{"line":52,"column":4},"end":{"line":52,"column":33}},"24":{"start":{"line":55,"column":2},"end":{"line":57,"column":3}},"25":{"start":{"line":56,"column":4},"end":{"line":56,"column":36}},"26":{"start":{"line":59,"column":2},"end":{"line":61,"column":3}},"27":{"start":{"line":60,"column":4},"end":{"line":60,"column":49}},"28":{"start":{"line":63,"column":2},"end":{"line":63,"column":14}},"29":{"start":{"line":67,"column":35},"end":{"line":77,"column":1}},"30":{"start":{"line":68,"column":2},"end":{"line":68,"column":25}},"31":{"start":{"line":68,"column":13},"end":{"line":68,"column":25}},"32":{"start":{"line":70,"column":18},"end":{"line":70,"column":29}},"33":{"start":{"line":72,"column":2},"end":{"line":74,"column":3}},"34":{"start":{"line":73,"column":4},"end":{"line":73,"column":49}},"35":{"start":{"line":76,"column":2},"end":{"line":76,"column":14}},"36":{"start":{"line":80,"column":32},"end":{"line":92,"column":1}},"37":{"start":{"line":81,"column":2},"end":{"line":83,"column":3}},"38":{"start":{"line":82,"column":4},"end":{"line":82,"column":36}},"39":{"start":{"line":85,"column":18},"end":{"line":85,"column":33}},"40":{"start":{"line":87,"column":2},"end":{"line":89,"column":3}},"41":{"start":{"line":88,"column":4},"end":{"line":88,"column":35}},"42":{"start":{"line":91,"column":2},"end":{"line":91,"column":14}}},"fnMap":{"0":{"name":"(anonymous_0)","decl":{"start":{"line":6,"column":35},"end":{"line":6,"column":36}},"loc":{"start":{"line":6,"column":45},"end":{"line":18,"column":1}},"line":6},"1":{"name":"(anonymous_1)","decl":{"start":{"line":21,"column":29},"end":{"line":21,"column":30}},"loc":{"start":{"line":21,"column":40},"end":{"line":41,"column":1}},"line":21},"2":{"name":"(anonymous_2)","decl":{"start":{"line":44,"column":32},"end":{"line":44,"column":33}},"loc":{"start":{"line":44,"column":46},"end":{"line":64,"column":1}},"line":44},"3":{"name":"(anonymous_3)","decl":{"start":{"line":67,"column":35},"end":{"line":67,"column":36}},"loc":{"start":{"line":67,"column":45},"end":{"line":77,"column":1}},"line":67},"4":{"name":"(anonymous_4)","decl":{"start":{"line":80,"column":32},"end":{"line":80,"column":33}},"loc":{"start":{"line":80,"column":65},"end":{"line":92,"column":1}},"line":80}},"branchMap":{"0":{"loc":{"start":{"line":7,"column":2},"end":{"line":9,"column":3}},"type":"if","locations":[{"start":{"line":7,"column":2},"end":{"line":9,"column":3}},{"start":{},"end":{}}],"line":7},"1":{"loc":{"start":{"line":7,"column":6},"end":{"line":7,"column":33}},"type":"binary-expr","locations":[{"start":{"line":7,"column":6},"end":{"line":7,"column":11}},{"start":{"line":7,"column":15},"end":{"line":7,"column":33}}],"line":7},"2":{"loc":{"start":{"line":13,"column":2},"end":{"line":15,"column":3}},"type":"if","locations":[{"start":{"line":13,"column":2},"end":{"line":15,"column":3}},{"start":{},"end":{}}],"line":13},"3":{"loc":{"start":{"line":13,"column":6},"end":{"line":13,"column":48}},"type":"binary-expr","locations":[{"start":{"line":13,"column":6},"end":{"line":13,"column":24}},{"start":{"line":13,"column":28},"end":{"line":13,"column":48}}],"line":13},"4":{"loc":{"start":{"line":22,"column":2},"end":{"line":24,"column":3}},"type":"if","locations":[{"start":{"line":22,"column":2},"end":{"line":24,"column":3}},{"start":{},"end":{}}],"line":22},"5":{"loc":{"start":{"line":22,"column":6},"end":{"line":22,"column":59}},"type":"binary-expr","locations":[{"start":{"line":22,"column":6},"end":{"line":22,"column":20}},{"start":{"line":22,"column":24},"end":{"line":22,"column":43}},{"start":{"line":22,"column":47},"end":{"line":22,"column":59}}],"line":22},"6":{"loc":{"start":{"line":28,"column":2},"end":{"line":30,"column":3}},"type":"if","locations":[{"start":{"line":28,"column":2},"end":{"line":30,"column":3}},{"start":{},"end":{}}],"line":28},"7":{"loc":{"start":{"line":32,"column":2},"end":{"line":34,"column":3}},"type":"if","locations":[{"start":{"line":32,"column":2},"end":{"line":34,"column":3}},{"start":{},"end":{}}],"line":32},"8":{"loc":{"start":{"line":36,"column":2},"end":{"line":38,"column":3}},"type":"if","locations":[{"start":{"line":36,"column":2},"end":{"line":38,"column":3}},{"start":{},"end":{}}],"line":36},"9":{"loc":{"start":{"line":45,"column":2},"end":{"line":47,"column":3}},"type":"if","locations":[{"start":{"line":45,"column":2},"end":{"line":47,"column":3}},{"start":{},"end":{}}],"line":45},"10":{"loc":{"start":{"line":45,"column":6},"end":{"line":45,"column":68}},"type":"binary-expr","locations":[{"start":{"line":45,"column":6},"end":{"line":45,"column":23}},{"start":{"line":45,"column":27},"end":{"line":45,"column":49}},{"start":{"line":45,"column":53},"end":{"line":45,"column":68}}],"line":45},"11":{"loc":{"start":{"line":51,"column":2},"end":{"line":53,"column":3}},"type":"if","locations":[{"start":{"line":51,"column":2},"end":{"line":53,"column":3}},{"start":{},"end":{}}],"line":51},"12":{"loc":{"start":{"line":55,"column":2},"end":{"line":57,"column":3}},"type":"if","locations":[{"start":{"line":55,"column":2},"end":{"line":57,"column":3}},{"start":{},"end":{}}],"line":55},"13":{"loc":{"start":{"line":59,"column":2},"end":{"line":61,"column":3}},"type":"if","locations":[{"start":{"line":59,"column":2},"end":{"line":61,"column":3}},{"start":{},"end":{}}],"line":59},"14":{"loc":{"start":{"line":68,"column":2},"end":{"line":68,"column":25}},"type":"if","locations":[{"start":{"line":68,"column":2},"end":{"line":68,"column":25}},{"start":{},"end":{}}],"line":68},"15":{"loc":{"start":{"line":72,"column":2},"end":{"line":74,"column":3}},"type":"if","locations":[{"start":{"line":72,"column":2},"end":{"line":74,"column":3}},{"start":{},"end":{}}],"line":72},"16":{"loc":{"start":{"line":80,"column":43},"end":{"line":80,"column":60}},"type":"default-arg","locations":[{"start":{"line":80,"column":58},"end":{"line":80,"column":60}}],"line":80},"17":{"loc":{"start":{"line":81,"column":2},"end":{"line":83,"column":3}},"type":"if","locations":[{"start":{"line":81,"column":2},"end":{"line":83,"column":3}},{"start":{},"end":{}}],"line":81},"18":{"loc":{"start":{"line":81,"column":6},"end":{"line":81,"column":41}},"type":"binary-expr","locations":[{"start":{"line":81,"column":6},"end":{"line":81,"column":15}},{"start":{"line":81,"column":19},"end":{"line":81,"column":41}}],"line":81},"19":{"loc":{"start":{"line":87,"column":2},"end":{"line":89,"column":3}},"type":"if","locations":[{"start":{"line":87,"column":2},"end":{"line":89,"column":3}},{"start":{},"end":{}}],"line":87}},"s":{"0":1,"1":3,"2":0,"3":3,"4":3,"5":0,"6":3,"7":1,"8":3,"9":0,"10":3,"11":3,"12":0,"13":3,"14":0,"15":3,"16":0,"17":3,"18":1,"19":3,"20":0,"21":3,"22":3,"23":0,"24":3,"25":0,"26":3,"27":0,"28":3,"29":1,"30":3,"31":0,"32":3,"33":3,"34":0,"35":3,"36":1,"37":3,"38":0,"39":3,"40":3,"41":0,"42":3},"f":{"0":3,"1":3,"2":3,"3":3,"4":3},"b":{"0":[0,3],"1":[3,3],"2":[0,3],"3":[3,3],"4":[0,3],"5":[3,3,3],"6":[0,3],"7":[0,3],"8":[0,3],"9":[0,3],"10":[3,3,3],"11":[0,3],"12":[0,3],"13":[0,3],"14":[0,3],"15":[0,3],"16":[0],"17":[0,3],"18":[3,3],"19":[0,3]},"_coverageSchema":"1a1c01bbd47fc00a2c39e90264f33305004495a9","hash":"0505d228e0452ece4fb452116456a4484ea4aba7"}
}
