TN:
SF:src\App.jsx
FN:6,App
FNF:1
FNH:0
FNDA:0,App
DA:18,0
LF:1
LH:0
BRF:0
BRH:0
end_of_record
TN:
SF:src\components\AddProductPopup\AddProductPopup.jsx
FN:14,(anonymous_0)
FN:17,(anonymous_1)
FN:28,(anonymous_2)
FN:45,(anonymous_3)
FN:49,(anonymous_4)
FN:60,(anonymous_5)
FN:78,(anonymous_6)
FN:79,(anonymous_7)
FN:90,(anonymous_8)
FN:113,(anonymous_9)
FN:116,(anonymous_10)
FN:122,(anonymous_11)
FN:129,(anonymous_12)
FN:138,(anonymous_13)
FN:151,(anonymous_14)
FN:175,(anonymous_15)
FN:190,(anonymous_16)
FN:287,(anonymous_17)
FN:289,(anonymous_18)
FN:290,(anonymous_19)
FNF:20
FNH:19
FNDA:19,(anonymous_0)
FNDA:2,(anonymous_1)
FNDA:4,(anonymous_2)
FNDA:4,(anonymous_3)
FNDA:2,(anonymous_4)
FNDA:30,(anonymous_5)
FNDA:10,(anonymous_6)
FNDA:10,(anonymous_7)
FNDA:10,(anonymous_8)
FNDA:9,(anonymous_9)
FNDA:9,(anonymous_10)
FNDA:0,(anonymous_11)
FNDA:3,(anonymous_12)
FNDA:6,(anonymous_13)
FNDA:3,(anonymous_14)
FNDA:17,(anonymous_15)
FNDA:7,(anonymous_16)
FNDA:34,(anonymous_17)
FNDA:2,(anonymous_18)
FNDA:2,(anonymous_19)
DA:14,1
DA:15,19
DA:17,19
DA:18,2
DA:19,2
DA:22,19
DA:28,4
DA:46,4
DA:49,2
DA:60,1
DA:67,30
DA:75,30
DA:76,30
DA:78,30
DA:79,10
DA:80,10
DA:81,10
DA:82,10
DA:84,0
DA:87,10
DA:90,30
DA:91,10
DA:92,3
DA:93,1
DA:101,2
DA:109,3
DA:113,30
DA:114,9
DA:116,9
DA:121,9
DA:122,0
DA:129,30
DA:130,3
DA:132,3
DA:133,3
DA:134,3
DA:135,3
DA:136,3
DA:138,6
DA:141,3
DA:142,3
DA:143,3
DA:144,3
DA:145,3
DA:147,3
DA:148,3
DA:151,30
DA:152,3
DA:153,3
DA:154,3
DA:161,3
DA:162,1
DA:164,2
DA:166,3
DA:170,30
DA:172,17
DA:173,17
DA:175,17
DA:176,17
DA:177,17
DA:178,14
DA:181,17
DA:190,7
DA:287,34
DA:290,2
LF:65
LH:63
BRDA:24,0,0,2
BRDA:24,0,1,17
BRDA:25,1,0,0
BRDA:25,1,1,19
BRDA:28,2,0,4
BRDA:28,2,1,4
BRDA:31,3,0,19
BRDA:31,3,1,15
BRDA:43,4,0,19
BRDA:43,4,1,2
BRDA:64,5,0,0
BRDA:65,6,0,0
BRDA:91,7,0,3
BRDA:91,7,1,7
BRDA:92,8,0,1
BRDA:92,8,1,2
BRDA:92,9,0,3
BRDA:92,9,1,2
BRDA:92,9,2,1
BRDA:94,10,0,1
BRDA:94,10,1,0
BRDA:95,11,0,1
BRDA:95,11,1,0
BRDA:96,12,0,1
BRDA:96,12,1,0
BRDA:97,13,0,1
BRDA:97,13,1,0
BRDA:98,14,0,1
BRDA:98,14,1,0
BRDA:118,15,0,4
BRDA:118,15,1,5
BRDA:118,16,0,0
BRDA:118,16,1,4
BRDA:121,17,0,0
BRDA:121,17,1,9
BRDA:141,18,0,0
BRDA:141,18,1,3
BRDA:142,19,0,0
BRDA:142,19,1,3
BRDA:143,20,0,0
BRDA:143,20,1,3
BRDA:144,21,0,0
BRDA:144,21,1,3
BRDA:145,22,0,0
BRDA:145,22,1,3
BRDA:153,23,0,3
BRDA:153,23,1,0
BRDA:161,24,0,1
BRDA:161,24,1,2
BRDA:161,25,0,3
BRDA:161,25,1,1
BRDA:170,26,0,13
BRDA:170,26,1,17
BRDA:176,27,0,0
BRDA:176,27,1,17
BRDA:177,28,0,3
BRDA:177,28,1,14
BRDA:220,29,0,17
BRDA:220,29,1,17
BRDA:229,30,0,0
BRDA:229,30,1,17
BRDA:233,31,0,17
BRDA:233,31,1,0
BRDA:241,32,0,17
BRDA:241,32,1,17
BRDA:251,33,0,0
BRDA:251,33,1,17
BRDA:255,34,0,17
BRDA:255,34,1,0
BRDA:262,35,0,17
BRDA:262,35,1,17
BRDA:272,36,0,0
BRDA:272,36,1,17
BRDA:276,37,0,17
BRDA:276,37,1,0
BRDA:284,38,0,17
BRDA:284,38,1,17
BRDA:295,39,0,17
BRDA:295,39,1,0
BRDA:302,40,0,17
BRDA:302,40,1,17
BRDA:310,41,0,0
BRDA:310,41,1,17
BRDA:314,42,0,17
BRDA:314,42,1,0
BRDA:326,43,0,0
BRDA:326,43,1,17
BRDA:328,44,0,17
BRDA:328,44,1,17
BRDA:334,45,0,3
BRDA:334,45,1,14
BRF:91
BRH:64
end_of_record
TN:
SF:src\components\AuthSlider\AuthSlider.jsx
FN:5,(anonymous_0)
FN:13,(anonymous_1)
FN:14,(anonymous_2)
FN:15,(anonymous_3)
FN:17,(anonymous_4)
FN:32,(anonymous_5)
FN:36,(anonymous_6)
FNF:7
FNH:0
FNDA:0,(anonymous_0)
FNDA:0,(anonymous_1)
FNDA:0,(anonymous_2)
FNDA:0,(anonymous_3)
FNDA:0,(anonymous_4)
FNDA:0,(anonymous_5)
FNDA:0,(anonymous_6)
DA:5,0
DA:6,0
DA:7,0
DA:13,0
DA:14,0
DA:15,0
DA:17,0
DA:20,0
DA:33,0
DA:36,0
LF:10
LH:0
BRDA:35,0,0,0
BRDA:35,0,1,0
BRF:2
BRH:0
end_of_record
TN:
SF:src\components\Button\Button.jsx
FN:4,Button
FNF:1
FNH:1
FNDA:32,Button
DA:14,32
DA:28,1
LF:2
LH:2
BRDA:7,0,0,30
BRDA:8,1,0,32
BRDA:10,2,0,32
BRDA:11,3,0,32
BRF:4
BRH:4
end_of_record
TN:
SF:src\components\CustomSelect\CustomSelect.jsx
FN:5,CustomSelect
FN:10,(anonymous_1)
FN:23,(anonymous_2)
FN:24,(anonymous_3)
FN:30,(anonymous_4)
FN:33,(anonymous_5)
FN:42,(anonymous_6)
FN:59,(anonymous_7)
FN:60,(anonymous_8)
FNF:9
FNH:4
FNDA:12,CustomSelect
FNDA:8,(anonymous_1)
FNDA:8,(anonymous_2)
FNDA:0,(anonymous_3)
FNDA:8,(anonymous_4)
FNDA:0,(anonymous_5)
FNDA:0,(anonymous_6)
FNDA:0,(anonymous_7)
FNDA:0,(anonymous_8)
DA:6,12
DA:7,12
DA:8,12
DA:10,12
DA:11,8
DA:12,0
DA:13,0
DA:14,0
DA:15,0
DA:16,0
DA:18,0
DA:23,12
DA:24,8
DA:25,0
DA:26,0
DA:29,8
DA:30,8
DA:33,12
DA:34,0
DA:35,0
DA:38,12
DA:42,0
DA:60,0
DA:70,1
LF:24
LH:12
BRDA:5,0,0,0
BRDA:5,1,0,12
BRDA:5,2,0,12
BRDA:11,3,0,0
BRDA:11,3,1,8
BRDA:11,4,0,8
BRDA:11,4,1,0
BRDA:15,5,0,0
BRDA:15,5,1,0
BRDA:15,6,0,0
BRDA:15,6,1,0
BRDA:25,7,0,0
BRDA:25,7,1,0
BRDA:25,8,0,0
BRDA:25,8,1,0
BRDA:41,9,0,0
BRDA:41,9,1,12
BRDA:41,10,0,0
BRDA:41,10,1,12
BRDA:42,11,0,0
BRDA:42,11,1,0
BRDA:45,12,0,12
BRDA:45,12,1,0
BRDA:57,13,0,12
BRDA:57,13,1,0
BRF:25
BRH:8
end_of_record
TN:
SF:src\components\CustomTable\CustomTable.jsx
FN:7,(anonymous_0)
FN:13,(anonymous_1)
FN:17,(anonymous_2)
FN:21,(anonymous_3)
FN:28,(anonymous_4)
FN:35,(anonymous_5)
FN:40,(anonymous_6)
FN:41,(anonymous_7)
FN:54,(anonymous_8)
FN:60,(anonymous_9)
FN:69,(anonymous_10)
FN:73,(anonymous_11)
FN:95,(anonymous_12)
FN:117,(anonymous_13)
FN:145,(anonymous_14)
FN:152,(anonymous_15)
FN:166,(anonymous_16)
FNF:17
FNH:13
FNDA:14,(anonymous_0)
FNDA:0,(anonymous_1)
FNDA:1,(anonymous_2)
FNDA:1,(anonymous_3)
FNDA:1,(anonymous_4)
FNDA:0,(anonymous_5)
FNDA:14,(anonymous_6)
FNDA:0,(anonymous_7)
FNDA:14,(anonymous_8)
FNDA:84,(anonymous_9)
FNDA:10,(anonymous_10)
FNDA:0,(anonymous_11)
FNDA:1,(anonymous_12)
FNDA:1,(anonymous_13)
FNDA:60,(anonymous_14)
FNDA:30,(anonymous_15)
FNDA:1,(anonymous_16)
DA:7,1
DA:8,14
DA:13,14
DA:14,0
DA:17,14
DA:18,1
DA:21,14
DA:22,1
DA:28,14
DA:29,1
DA:30,1
DA:32,1
DA:35,14
DA:36,0
DA:40,14
DA:41,14
DA:42,0
DA:44,0
DA:45,0
DA:46,0
DA:47,0
DA:48,0
DA:49,0
DA:53,14
DA:54,14
DA:57,14
DA:61,84
DA:70,10
DA:73,0
DA:95,1
DA:117,1
DA:139,10
DA:146,60
DA:153,30
DA:166,1
DA:195,1
LF:36
LH:26
BRDA:14,0,0,0
BRDA:14,0,1,0
BRDA:18,1,0,1
BRDA:18,1,1,0
BRDA:29,2,0,1
BRDA:29,2,1,0
BRDA:29,3,0,1
BRDA:29,3,1,1
BRDA:42,4,0,0
BRDA:42,4,1,0
BRDA:44,5,0,0
BRDA:44,5,1,0
BRDA:47,6,0,0
BRDA:47,6,1,0
BRDA:164,7,0,14
BRDA:164,7,1,1
BRF:16
BRH:6
end_of_record
TN:
SF:src\components\Devider\Devider.jsx
FN:3,Devider
FNF:1
FNH:1
FNDA:16,Devider
DA:4,16
LF:1
LH:1
BRDA:3,0,0,0
BRDA:5,1,0,16
BRDA:5,1,1,0
BRF:3
BRH:1
end_of_record
TN:
SF:src\components\ErrorBoundary\ErrorBoundary.jsx
FN:10,(anonymous_0)
FN:19,(anonymous_1)
FN:24,(anonymous_2)
FN:41,(anonymous_3)
FN:52,(anonymous_4)
FN:85,(anonymous_5)
FNF:6
FNH:0
FNDA:0,(anonymous_0)
FNDA:0,(anonymous_1)
FNDA:0,(anonymous_2)
FNDA:0,(anonymous_3)
FNDA:0,(anonymous_4)
FNDA:0,(anonymous_5)
DA:11,0
DA:12,0
DA:21,0
DA:26,0
DA:27,0
DA:28,0
DA:32,0
DA:41,0
DA:42,0
DA:49,0
DA:53,0
DA:55,0
DA:85,0
DA:97,0
LF:14
LH:0
BRDA:26,0,0,0
BRDA:26,0,1,0
BRDA:26,1,0,0
BRDA:26,1,1,0
BRDA:53,2,0,0
BRDA:53,2,1,0
BRDA:64,3,0,0
BRDA:64,3,1,0
BRDA:64,3,2,0
BRDA:64,3,3,0
BRF:10
BRH:0
end_of_record
TN:
SF:src\components\Header\Header.jsx
FN:5,(anonymous_0)
FNF:1
FNH:0
FNDA:0,(anonymous_0)
DA:5,0
DA:7,0
LF:2
LH:0
BRF:0
BRH:0
end_of_record
TN:
SF:src\components\Icon\Icon.jsx
FN:9,Icon
FNF:1
FNH:1
FNDA:64,Icon
DA:4,1
DA:10,64
LF:2
LH:2
BRDA:13,0,0,64
BRDA:13,0,1,0
BRF:2
BRH:1
end_of_record
TN:
SF:src\components\Icon\api.js
FNF:0
FNH:0
DA:3,0
LF:1
LH:0
BRF:0
BRH:0
end_of_record
TN:
SF:src\components\LoginForm\LoginForm.jsx
FN:11,(anonymous_0)
FN:15,(anonymous_1)
FN:18,(anonymous_2)
FN:34,(anonymous_3)
FN:36,(anonymous_4)
FN:43,(anonymous_5)
FN:67,(anonymous_6)
FN:85,(anonymous_7)
FN:139,(anonymous_8)
FNF:9
FNH:0
FNDA:0,(anonymous_0)
FNDA:0,(anonymous_1)
FNDA:0,(anonymous_2)
FNDA:0,(anonymous_3)
FNDA:0,(anonymous_4)
FNDA:0,(anonymous_5)
FNDA:0,(anonymous_6)
FNDA:0,(anonymous_7)
FNDA:0,(anonymous_8)
DA:11,0
DA:12,0
DA:13,0
DA:15,0
DA:16,0
DA:17,0
DA:18,0
DA:19,0
DA:23,0
DA:29,0
DA:30,0
DA:31,0
DA:32,0
DA:34,0
DA:35,0
DA:36,0
DA:40,0
DA:43,0
DA:44,0
DA:45,0
DA:46,0
DA:47,0
DA:49,0
DA:51,0
DA:52,0
DA:53,0
DA:54,0
DA:56,0
DA:59,0
DA:60,0
DA:62,0
DA:67,0
DA:68,0
DA:69,0
DA:70,0
DA:71,0
DA:72,0
DA:73,0
DA:74,0
DA:77,0
DA:86,0
DA:87,0
DA:139,0
LF:43
LH:0
BRDA:38,0,0,0
BRDA:38,0,1,0
BRDA:40,1,0,0
BRDA:40,1,1,0
BRDA:45,2,0,0
BRDA:45,2,1,0
BRDA:51,3,0,0
BRDA:51,3,1,0
BRDA:71,4,0,0
BRDA:71,4,1,0
BRDA:72,5,0,0
BRDA:72,5,1,0
BRDA:94,6,0,0
BRDA:94,6,1,0
BRDA:123,7,0,0
BRDA:123,7,1,0
BRDA:129,8,0,0
BRDA:129,8,1,0
BRDA:142,9,0,0
BRDA:142,9,1,0
BRDA:158,10,0,0
BRDA:158,10,1,0
BRDA:168,11,0,0
BRDA:168,11,1,0
BRF:24
BRH:0
end_of_record
TN:
SF:src\components\Logo\Logo.jsx
FN:4,(anonymous_0)
FNF:1
FNH:0
FNDA:0,(anonymous_0)
DA:4,0
DA:11,0
DA:17,0
DA:19,0
LF:4
LH:0
BRDA:5,0,0,0
BRDA:6,1,0,0
BRDA:7,2,0,0
BRDA:8,3,0,0
BRDA:9,4,0,0
BRDA:17,5,0,0
BRDA:17,5,1,0
BRDA:60,6,0,0
BRDA:60,6,1,0
BRF:9
BRH:0
end_of_record
TN:
SF:src\components\Message\Message.jsx
FN:4,(anonymous_0)
FNF:1
FNH:0
FNDA:0,(anonymous_0)
DA:4,0
DA:5,0
DA:6,0
LF:3
LH:0
BRDA:4,0,0,0
BRDA:5,1,0,0
BRDA:5,1,1,0
BRF:3
BRH:0
end_of_record
TN:
SF:src\components\ProtectedRoute\ProtectedRoute.jsx
FN:9,(anonymous_0)
FNF:1
FNH:0
FNDA:0,(anonymous_0)
DA:9,0
DA:10,0
DA:11,0
DA:14,0
DA:15,0
DA:44,0
DA:46,0
DA:50,0
LF:8
LH:0
BRDA:14,0,0,0
BRDA:14,0,1,0
BRDA:44,1,0,0
BRDA:44,1,1,0
BRF:4
BRH:0
end_of_record
TN:
SF:src\components\RegisterForm\RegisterForm.jsx
FN:10,(anonymous_0)
FN:26,(anonymous_1)
FN:28,(anonymous_2)
FN:34,(anonymous_3)
FN:54,(anonymous_4)
FN:85,(anonymous_5)
FN:164,(anonymous_6)
FN:225,(anonymous_7)
FNF:8
FNH:0
FNDA:0,(anonymous_0)
FNDA:0,(anonymous_1)
FNDA:0,(anonymous_2)
FNDA:0,(anonymous_3)
FNDA:0,(anonymous_4)
FNDA:0,(anonymous_5)
FNDA:0,(anonymous_6)
FNDA:0,(anonymous_7)
DA:10,0
DA:11,0
DA:20,0
DA:21,0
DA:22,0
DA:23,0
DA:24,0
DA:26,0
DA:27,0
DA:28,0
DA:34,0
DA:35,0
DA:36,0
DA:37,0
DA:39,0
DA:40,0
DA:41,0
DA:42,0
DA:43,0
DA:44,0
DA:45,0
DA:46,0
DA:47,0
DA:48,0
DA:50,0
DA:51,0
DA:54,0
DA:55,0
DA:57,0
DA:58,0
DA:60,0
DA:61,0
DA:67,0
DA:69,0
DA:70,0
DA:72,0
DA:77,0
DA:86,0
DA:87,0
DA:164,0
DA:225,0
LF:41
LH:0
BRDA:30,0,0,0
BRDA:30,0,1,0
BRDA:39,1,0,0
BRDA:39,1,1,0
BRDA:40,2,0,0
BRDA:40,2,1,0
BRDA:41,3,0,0
BRDA:41,3,1,0
BRDA:42,4,0,0
BRDA:42,4,1,0
BRDA:43,5,0,0
BRDA:43,5,1,0
BRDA:45,6,0,0
BRDA:45,6,1,0
BRDA:47,7,0,0
BRDA:47,7,1,0
BRDA:57,8,0,0
BRDA:57,8,1,0
BRDA:94,9,0,0
BRDA:94,9,1,0
BRDA:124,10,0,0
BRDA:124,10,1,0
BRDA:135,11,0,0
BRDA:135,11,1,0
BRDA:148,12,0,0
BRDA:148,12,1,0
BRDA:154,13,0,0
BRDA:154,13,1,0
BRDA:167,14,0,0
BRDA:167,14,1,0
BRDA:209,15,0,0
BRDA:209,15,1,0
BRDA:215,16,0,0
BRDA:215,16,1,0
BRDA:228,17,0,0
BRDA:228,17,1,0
BRDA:270,18,0,0
BRDA:270,18,1,0
BRDA:286,19,0,0
BRDA:286,19,1,0
BRDA:290,20,0,0
BRDA:290,20,1,0
BRF:42
BRH:0
end_of_record
TN:
SF:src\components\SearchPanel\SearchPanel.jsx
FN:5,SearchPanel
FNF:1
FNH:1
FNDA:16,SearchPanel
DA:12,16
DA:32,1
LF:2
LH:2
BRDA:6,0,0,0
BRDA:7,1,0,0
BRDA:13,2,0,16
BRDA:13,2,1,0
BRDA:24,3,0,16
BRDA:24,3,1,0
BRDA:27,4,0,16
BRDA:27,4,1,0
BRF:8
BRH:3
end_of_record
TN:
SF:src\components\Sidebar\Sidebar.jsx
FN:11,(anonymous_0)
FN:17,(anonymous_1)
FN:36,(anonymous_2)
FN:37,(anonymous_3)
FN:116,(anonymous_4)
FN:120,(anonymous_5)
FN:125,(anonymous_6)
FN:143,(anonymous_7)
FN:146,(anonymous_8)
FN:149,(anonymous_9)
FN:175,(anonymous_10)
FN:177,(anonymous_11)
FN:229,(anonymous_12)
FNF:13
FNH:0
FNDA:0,(anonymous_0)
FNDA:0,(anonymous_1)
FNDA:0,(anonymous_2)
FNDA:0,(anonymous_3)
FNDA:0,(anonymous_4)
FNDA:0,(anonymous_5)
FNDA:0,(anonymous_6)
FNDA:0,(anonymous_7)
FNDA:0,(anonymous_8)
FNDA:0,(anonymous_9)
FNDA:0,(anonymous_10)
FNDA:0,(anonymous_11)
FNDA:0,(anonymous_12)
DA:11,0
DA:12,0
DA:13,0
DA:14,0
DA:17,0
DA:18,0
DA:19,0
DA:20,0
DA:21,0
DA:22,0
DA:23,0
DA:26,0
DA:27,0
DA:34,0
DA:36,0
DA:37,0
DA:43,0
DA:116,0
DA:117,0
DA:120,0
DA:121,0
DA:122,0
DA:125,0
DA:126,0
DA:129,0
DA:144,0
DA:147,0
DA:150,0
DA:151,0
DA:153,0
DA:154,0
DA:176,0
DA:177,0
DA:229,0
LF:34
LH:0
BRDA:19,0,0,0
BRDA:19,0,1,0
BRDA:20,1,0,0
BRDA:20,1,1,0
BRDA:21,2,0,0
BRDA:21,2,1,0
BRDA:22,3,0,0
BRDA:22,3,1,0
BRDA:148,4,0,0
BRDA:148,4,1,0
BRDA:150,5,0,0
BRDA:150,5,1,0
BRDA:153,6,0,0
BRDA:153,6,1,0
BRDA:159,7,0,0
BRDA:159,7,1,0
BRDA:161,8,0,0
BRDA:161,8,1,0
BRDA:173,9,0,0
BRDA:173,9,1,0
BRDA:173,9,2,0
BRDA:173,9,3,0
BRDA:176,10,0,0
BRDA:176,10,1,0
BRDA:227,11,0,0
BRDA:227,11,1,0
BRF:26
BRH:0
end_of_record
TN:
SF:src\components\Toast\Toast.jsx
FN:5,(anonymous_0)
FN:6,(anonymous_1)
FN:8,(anonymous_2)
FN:11,(anonymous_3)
FN:41,(anonymous_4)
FNF:5
FNH:2
FNDA:16,(anonymous_0)
FNDA:16,(anonymous_1)
FNDA:0,(anonymous_2)
FNDA:0,(anonymous_3)
FNDA:0,(anonymous_4)
DA:5,1
DA:6,16
DA:7,16
DA:8,0
DA:9,0
DA:11,0
DA:15,16
DA:17,0
DA:40,0
DA:42,0
DA:43,0
LF:11
LH:4
BRDA:5,0,0,0
BRDA:5,1,0,0
BRDA:7,2,0,0
BRDA:7,2,1,16
BRDA:7,3,0,16
BRDA:7,3,1,0
BRDA:15,4,0,16
BRDA:15,4,1,0
BRF:8
BRH:3
end_of_record
TN:
SF:src\constants\index.js
FNF:0
FNH:0
DA:2,0
DA:3,0
DA:6,0
DA:14,0
DA:21,0
LF:5
LH:0
BRDA:3,0,0,0
BRDA:3,0,1,0
BRF:2
BRH:0
end_of_record
TN:
SF:src\contexts\AuthContext.jsx
FN:5,AuthProvider
FN:8,(anonymous_1)
FN:15,(anonymous_2)
FN:20,(anonymous_3)
FN:32,useAuth
FNF:5
FNH:0
FNDA:0,AuthProvider
FNDA:0,(anonymous_1)
FNDA:0,(anonymous_2)
FNDA:0,(anonymous_3)
FNDA:0,useAuth
DA:3,0
DA:6,0
DA:8,0
DA:9,0
DA:10,0
DA:11,0
DA:15,0
DA:16,0
DA:17,0
DA:20,0
DA:21,0
DA:22,0
DA:25,0
DA:33,0
LF:14
LH:0
BRDA:10,0,0,0
BRDA:10,0,1,0
BRF:2
BRH:0
end_of_record
TN:
SF:src\hooks\useProducts.js
FN:9,(anonymous_0)
FN:30,(anonymous_1)
FN:42,(anonymous_2)
FN:56,(anonymous_3)
FN:61,(anonymous_4)
FN:72,(anonymous_5)
FN:83,(anonymous_6)
FN:94,(anonymous_7)
FN:106,(anonymous_8)
FN:107,(anonymous_9)
FN:108,(anonymous_10)
FN:112,(anonymous_11)
FN:121,(anonymous_12)
FN:125,(anonymous_13)
FN:126,(anonymous_14)
FN:130,(anonymous_15)
FN:131,(anonymous_16)
FNF:17
FNH:8
FNDA:16,(anonymous_0)
FNDA:7,(anonymous_1)
FNDA:4,(anonymous_2)
FNDA:4,(anonymous_3)
FNDA:2,(anonymous_4)
FNDA:1,(anonymous_5)
FNDA:1,(anonymous_6)
FNDA:0,(anonymous_7)
FNDA:0,(anonymous_8)
FNDA:0,(anonymous_9)
FNDA:0,(anonymous_10)
FNDA:0,(anonymous_11)
FNDA:0,(anonymous_12)
FNDA:1,(anonymous_13)
FNDA:0,(anonymous_14)
FNDA:0,(anonymous_15)
FNDA:0,(anonymous_16)
DA:9,1
DA:10,16
DA:11,16
DA:12,16
DA:13,16
DA:19,16
DA:30,16
DA:31,7
DA:32,7
DA:34,7
DA:35,7
DA:41,7
DA:42,7
DA:48,0
DA:49,0
DA:51,7
DA:56,16
DA:57,4
DA:61,16
DA:62,2
DA:63,2
DA:64,1
DA:65,1
DA:67,1
DA:72,16
DA:73,1
DA:74,1
DA:75,1
DA:76,1
DA:78,0
DA:83,16
DA:84,1
DA:85,1
DA:89,1
DA:90,1
DA:92,1
DA:94,0
DA:96,1
DA:99,1
DA:101,0
DA:106,16
DA:107,0
DA:108,0
DA:112,16
DA:113,0
DA:121,0
DA:125,16
DA:126,1
DA:130,16
DA:131,0
DA:134,16
LF:51
LH:41
BRDA:9,0,0,16
BRDA:48,1,0,0
BRDA:48,1,1,0
BRDA:90,2,0,1
BRDA:90,2,1,1
BRDA:92,3,0,0
BRDA:92,3,1,1
BRF:7
BRH:4
end_of_record
TN:
SF:src\pages\Categories\Categories.jsx
FN:3,(anonymous_0)
FNF:1
FNH:0
FNDA:0,(anonymous_0)
DA:3,0
DA:4,0
LF:2
LH:0
BRF:0
BRH:0
end_of_record
TN:
SF:src\pages\Dashboard\Dashboard.jsx
FN:5,(anonymous_0)
FNF:1
FNH:0
FNDA:0,(anonymous_0)
DA:5,0
DA:7,0
LF:2
LH:0
BRF:0
BRH:0
end_of_record
TN:
SF:src\pages\Login\Login.jsx
FN:8,(anonymous_0)
FN:13,(anonymous_1)
FN:24,(anonymous_2)
FNF:3
FNH:0
FNDA:0,(anonymous_0)
FNDA:0,(anonymous_1)
FNDA:0,(anonymous_2)
DA:8,0
DA:9,0
DA:13,0
DA:24,0
DA:25,0
DA:28,0
LF:6
LH:0
BRF:0
BRH:0
end_of_record
TN:
SF:src\pages\Products\Products.jsx
FN:12,(anonymous_0)
FN:39,(anonymous_1)
FN:95,(anonymous_2)
FN:118,(anonymous_3)
FN:149,(anonymous_4)
FN:157,(anonymous_5)
FN:165,(anonymous_6)
FN:173,(anonymous_7)
FN:181,(anonymous_8)
FN:218,(anonymous_9)
FN:271,(anonymous_10)
FN:273,(anonymous_11)
FN:279,(anonymous_12)
FN:287,(anonymous_13)
FN:295,(anonymous_14)
FN:318,(anonymous_15)
FNF:16
FNH:7
FNDA:16,(anonymous_0)
FNDA:3,(anonymous_1)
FNDA:1,(anonymous_2)
FNDA:0,(anonymous_3)
FNDA:2,(anonymous_4)
FNDA:1,(anonymous_5)
FNDA:0,(anonymous_6)
FNDA:3,(anonymous_7)
FNDA:0,(anonymous_8)
FNDA:0,(anonymous_9)
FNDA:8,(anonymous_10)
FNDA:0,(anonymous_11)
FNDA:0,(anonymous_12)
FNDA:0,(anonymous_13)
FNDA:0,(anonymous_14)
FNDA:0,(anonymous_15)
DA:12,1
DA:13,16
DA:18,16
DA:19,16
DA:33,16
DA:36,16
DA:39,16
DA:40,3
DA:42,2
DA:50,2
DA:51,1
DA:53,1
DA:55,1
DA:61,1
DA:67,1
DA:69,1
DA:70,1
DA:78,1
DA:79,1
DA:85,0
DA:95,16
DA:96,1
DA:97,1
DA:99,1
DA:101,1
DA:102,1
DA:108,0
DA:118,16
DA:119,0
DA:149,16
DA:150,2
DA:157,16
DA:158,1
DA:165,16
DA:166,0
DA:173,16
DA:174,3
DA:181,16
DA:182,0
DA:183,0
DA:199,16
DA:208,16
DA:218,0
DA:271,8
DA:273,0
DA:279,0
DA:287,0
DA:295,0
DA:318,0
LF:49
LH:37
BRDA:36,0,0,16
BRDA:36,0,1,0
BRDA:40,1,0,2
BRDA:40,1,1,1
BRDA:50,2,0,1
BRDA:50,2,1,1
BRDA:67,3,0,1
BRDA:67,3,1,0
BRDA:78,4,0,1
BRDA:78,4,1,0
BRDA:101,5,0,1
BRDA:101,5,1,0
BRDA:182,6,0,0
BRDA:182,6,1,0
BRDA:240,7,0,16
BRDA:240,7,1,4
BRDA:248,8,0,16
BRDA:248,8,1,0
BRDA:255,9,0,16
BRDA:255,9,1,12
BRDA:255,9,2,12
BRF:21
BRH:14
end_of_record
TN:
SF:src\pages\Register\Register.jsx
FN:6,(anonymous_0)
FN:9,(anonymous_1)
FNF:2
FNH:0
FNDA:0,(anonymous_0)
FNDA:0,(anonymous_1)
DA:6,0
DA:7,0
DA:9,0
DA:10,0
DA:12,0
LF:5
LH:0
BRF:0
BRH:0
end_of_record
TN:
SF:src\router\AppRouter.jsx
FN:21,(anonymous_0)
FN:26,(anonymous_1)
FN:71,(anonymous_2)
FNF:3
FNH:0
FNDA:0,(anonymous_0)
FNDA:0,(anonymous_1)
FNDA:0,(anonymous_2)
DA:13,0
DA:21,0
DA:22,0
DA:24,0
DA:27,0
DA:28,0
DA:29,0
DA:38,0
DA:41,0
DA:42,0
DA:58,0
DA:59,0
DA:72,0
DA:73,0
DA:85,0
LF:15
LH:0
BRDA:27,0,0,0
BRDA:27,0,1,0
BRDA:41,1,0,0
BRDA:41,1,1,0
BRDA:46,2,0,0
BRDA:46,2,1,0
BRDA:58,3,0,0
BRDA:58,3,1,0
BRF:8
BRH:0
end_of_record
TN:
SF:src\router\PrivateRoute.jsx
FN:3,(anonymous_0)
FNF:1
FNH:0
FNDA:0,(anonymous_0)
DA:3,0
DA:4,0
LF:2
LH:0
BRDA:4,0,0,0
BRDA:4,0,1,0
BRF:2
BRH:0
end_of_record
TN:
SF:src\router\index.js
FNF:0
FNH:0
LF:0
LH:0
BRF:0
BRH:0
end_of_record
TN:
SF:src\router\routes.js
FN:6,(anonymous_0)
FN:41,(anonymous_1)
FN:42,(anonymous_2)
FN:45,(anonymous_3)
FN:50,(anonymous_4)
FNF:5
FNH:0
FNDA:0,(anonymous_0)
FNDA:0,(anonymous_1)
FNDA:0,(anonymous_2)
FNDA:0,(anonymous_3)
FNDA:0,(anonymous_4)
DA:2,0
DA:6,0
DA:41,0
DA:42,0
DA:45,0
DA:46,0
DA:47,0
DA:50,0
DA:51,0
DA:52,0
LF:10
LH:0
BRDA:6,0,0,0
BRDA:6,0,1,0
BRDA:47,1,0,0
BRDA:47,1,1,0
BRDA:52,2,0,0
BRDA:52,2,1,0
BRF:6
BRH:0
end_of_record
TN:
SF:src\services\api.js
FN:11,(anonymous_0)
FNF:1
FNH:0
FNDA:0,(anonymous_0)
DA:2,1
DA:11,1
DA:12,0
DA:13,0
DA:14,0
DA:16,0
LF:6
LH:2
BRDA:13,0,0,0
BRDA:13,0,1,0
BRF:2
BRH:0
end_of_record
TN:
SF:src\services\authService.js
FN:3,(anonymous_0)
FN:9,(anonymous_1)
FNF:2
FNH:0
FNDA:0,(anonymous_0)
FNDA:0,(anonymous_1)
DA:3,0
DA:4,0
DA:5,0
DA:6,0
DA:9,0
DA:10,0
DA:11,0
DA:12,0
LF:8
LH:0
BRF:0
BRH:0
end_of_record
TN:
SF:src\services\productService.js
FN:10,(anonymous_0)
FN:25,(anonymous_1)
FN:39,(anonymous_2)
FN:54,(anonymous_3)
FN:70,(anonymous_4)
FN:85,(anonymous_5)
FN:99,(anonymous_6)
FNF:7
FNH:0
FNDA:0,(anonymous_0)
FNDA:0,(anonymous_1)
FNDA:0,(anonymous_2)
FNDA:0,(anonymous_3)
FNDA:0,(anonymous_4)
FNDA:0,(anonymous_5)
FNDA:0,(anonymous_6)
DA:4,1
DA:11,0
DA:12,0
DA:13,0
DA:15,0
DA:16,0
DA:26,0
DA:27,0
DA:28,0
DA:30,0
DA:31,0
DA:40,0
DA:41,0
DA:42,0
DA:44,0
DA:45,0
DA:55,0
DA:56,0
DA:57,0
DA:59,0
DA:60,0
DA:71,0
DA:72,0
DA:73,0
DA:75,0
DA:76,0
DA:86,0
DA:87,0
DA:88,0
DA:90,0
DA:91,0
LF:31
LH:1
BRDA:10,0,0,0
BRF:1
BRH:0
end_of_record
TN:
SF:src\utils\ImageUtil.js
FN:5,(anonymous_0)
FNF:1
FNH:0
FNDA:0,(anonymous_0)
DA:5,0
DA:6,0
LF:2
LH:0
BRDA:5,0,0,0
BRDA:5,1,0,0
BRF:2
BRH:0
end_of_record
TN:
SF:src\utils\formatters.js
FN:6,(anonymous_0)
FN:19,(anonymous_1)
FN:29,(anonymous_2)
FN:47,(anonymous_3)
FN:57,(anonymous_4)
FN:73,(anonymous_5)
FNF:6
FNH:1
FNDA:0,(anonymous_0)
FNDA:0,(anonymous_1)
FNDA:0,(anonymous_2)
FNDA:0,(anonymous_3)
FNDA:8,(anonymous_4)
FNDA:0,(anonymous_5)
DA:6,1
DA:7,0
DA:8,0
DA:19,1
DA:20,0
DA:21,0
DA:29,1
DA:30,0
DA:31,0
DA:32,0
DA:47,1
DA:48,0
DA:49,0
DA:57,1
DA:58,8
DA:73,1
DA:74,0
LF:17
LH:7
BRDA:7,0,0,0
BRDA:7,0,1,0
BRDA:7,1,0,0
BRDA:7,1,1,0
BRDA:20,2,0,0
BRDA:20,2,1,0
BRDA:20,3,0,0
BRDA:20,3,1,0
BRDA:30,4,0,0
BRDA:30,4,1,0
BRDA:47,5,0,0
BRDA:48,6,0,0
BRDA:48,6,1,0
BRDA:48,7,0,0
BRDA:48,7,1,0
BRF:15
BRH:0
end_of_record
TN:
SF:src\utils\validateLogin.js
FN:4,(anonymous_0)
FN:23,(anonymous_1)
FN:32,(anonymous_2)
FNF:3
FNH:0
FNDA:0,(anonymous_0)
FNDA:0,(anonymous_1)
FNDA:0,(anonymous_2)
DA:4,0
DA:5,0
DA:6,0
DA:9,0
DA:10,0
DA:12,0
DA:13,0
DA:16,0
DA:17,0
DA:20,0
DA:23,0
DA:24,0
DA:25,0
DA:28,0
DA:29,0
DA:30,0
DA:31,0
DA:32,0
DA:34,0
DA:35,0
DA:38,0
DA:39,0
DA:42,0
DA:43,0
DA:46,0
DA:47,0
DA:50,0
LF:27
LH:0
BRDA:5,0,0,0
BRDA:5,0,1,0
BRDA:5,1,0,0
BRDA:5,1,1,0
BRDA:12,2,0,0
BRDA:12,2,1,0
BRDA:12,3,0,0
BRDA:12,3,1,0
BRDA:16,4,0,0
BRDA:16,4,1,0
BRDA:24,5,0,0
BRDA:24,5,1,0
BRDA:24,6,0,0
BRDA:24,6,1,0
BRDA:34,7,0,0
BRDA:34,7,1,0
BRDA:34,8,0,0
BRDA:34,8,1,0
BRDA:38,9,0,0
BRDA:38,9,1,0
BRDA:38,10,0,0
BRDA:38,10,1,0
BRDA:42,11,0,0
BRDA:42,11,1,0
BRDA:46,12,0,0
BRDA:46,12,1,0
BRF:26
BRH:0
end_of_record
TN:
SF:src\utils\validateProduct.js
FN:6,(anonymous_0)
FN:21,(anonymous_1)
FN:44,(anonymous_2)
FN:67,(anonymous_3)
FN:80,(anonymous_4)
FNF:5
FNH:5
FNDA:3,(anonymous_0)
FNDA:3,(anonymous_1)
FNDA:3,(anonymous_2)
FNDA:3,(anonymous_3)
FNDA:3,(anonymous_4)
DA:6,1
DA:7,3
DA:8,0
DA:11,3
DA:13,3
DA:14,0
DA:17,3
DA:21,1
DA:22,3
DA:23,0
DA:26,3
DA:28,3
DA:29,0
DA:32,3
DA:33,0
DA:36,3
DA:37,0
DA:40,3
DA:44,1
DA:45,3
DA:46,0
DA:49,3
DA:51,3
DA:52,0
DA:55,3
DA:56,0
DA:59,3
DA:60,0
DA:63,3
DA:67,1
DA:68,3
DA:70,3
DA:72,3
DA:73,0
DA:76,3
DA:80,1
DA:81,3
DA:82,0
DA:85,3
DA:87,3
DA:88,0
DA:91,3
LF:42
LH:29
BRDA:7,0,0,0
BRDA:7,0,1,3
BRDA:7,1,0,3
BRDA:7,1,1,3
BRDA:13,2,0,0
BRDA:13,2,1,3
BRDA:13,3,0,3
BRDA:13,3,1,3
BRDA:22,4,0,0
BRDA:22,4,1,3
BRDA:22,5,0,3
BRDA:22,5,1,3
BRDA:22,5,2,3
BRDA:28,6,0,0
BRDA:28,6,1,3
BRDA:32,7,0,0
BRDA:32,7,1,3
BRDA:36,8,0,0
BRDA:36,8,1,3
BRDA:45,9,0,0
BRDA:45,9,1,3
BRDA:45,10,0,3
BRDA:45,10,1,3
BRDA:45,10,2,3
BRDA:51,11,0,0
BRDA:51,11,1,3
BRDA:55,12,0,0
BRDA:55,12,1,3
BRDA:59,13,0,0
BRDA:59,13,1,3
BRDA:68,14,0,0
BRDA:68,14,1,3
BRDA:72,15,0,0
BRDA:72,15,1,3
BRDA:80,16,0,0
BRDA:81,17,0,0
BRDA:81,17,1,3
BRDA:81,18,0,3
BRDA:81,18,1,3
BRDA:87,19,0,0
BRDA:87,19,1,3
BRF:41
BRH:26
end_of_record
